<?xml version="1.0" encoding="UTF-8"?>
<coverage generated="1564121120557" clover="3.2.0">
  <project timestamp="1564121120558" name="All files">
    <metrics statements="134" coveredstatements="80" conditionals="85" coveredconditionals="24" methods="53" coveredmethods="24" elements="272" coveredelements="128" complexity="0" loc="134" ncloc="134" packages="1" files="1" classes="1"/>
    <file name="vachan.js" path="/Users/kavitapatkar/ArchanPatkar/Projects/Vachan/src/vachan.js">
      <metrics statements="134" coveredstatements="80" conditionals="85" coveredconditionals="24" methods="53" coveredmethods="24"/>
      <line num="1" count="1" type="stmt"/>
      <line num="2" count="1" type="stmt"/>
      <line num="3" count="1" type="stmt"/>
      <line num="4" count="1" type="stmt"/>
      <line num="5" count="1" type="stmt"/>
      <line num="6" count="1" type="stmt"/>
      <line num="7" count="1" type="stmt"/>
      <line num="8" count="1" type="stmt"/>
      <line num="9" count="1" type="stmt"/>
      <line num="15" count="6" type="stmt"/>
      <line num="20" count="0" type="stmt"/>
      <line num="25" count="2" type="cond" truecount="3" falsecount="1"/>
      <line num="26" count="2" type="stmt"/>
      <line num="28" count="2" type="stmt"/>
      <line num="29" count="2" type="stmt"/>
      <line num="30" count="6" type="cond" truecount="2" falsecount="0"/>
      <line num="31" count="2" type="stmt"/>
      <line num="32" count="6" type="stmt"/>
      <line num="33" count="6" type="stmt"/>
      <line num="34" count="6" type="stmt"/>
      <line num="36" count="2" type="stmt"/>
      <line num="37" count="6" type="stmt"/>
      <line num="44" count="2" type="cond" truecount="2" falsecount="2"/>
      <line num="45" count="2" type="stmt"/>
      <line num="47" count="2" type="stmt"/>
      <line num="48" count="2" type="stmt"/>
      <line num="49" count="2" type="stmt"/>
      <line num="50" count="1" type="cond" truecount="1" falsecount="1"/>
      <line num="52" count="1" type="stmt"/>
      <line num="53" count="1" type="stmt"/>
      <line num="56" count="2" type="stmt"/>
      <line num="57" count="2" type="stmt"/>
      <line num="59" count="6" type="stmt"/>
      <line num="67" count="0" type="stmt"/>
      <line num="72" count="0" type="stmt"/>
      <line num="73" count="0" type="stmt"/>
      <line num="74" count="0" type="cond" truecount="0" falsecount="2"/>
      <line num="76" count="0" type="cond" truecount="0" falsecount="2"/>
      <line num="78" count="0" type="cond" truecount="0" falsecount="2"/>
      <line num="85" count="40" type="stmt"/>
      <line num="86" count="40" type="stmt"/>
      <line num="87" count="40" type="stmt"/>
      <line num="88" count="40" type="stmt"/>
      <line num="89" count="40" type="stmt"/>
      <line num="90" count="40" type="stmt"/>
      <line num="91" count="40" type="cond" truecount="1" falsecount="1"/>
      <line num="93" count="40" type="stmt"/>
      <line num="94" count="40" type="stmt"/>
      <line num="95" count="30" type="stmt"/>
      <line num="96" count="2" type="stmt"/>
      <line num="100" count="40" type="stmt"/>
      <line num="105" count="0" type="stmt"/>
      <line num="110" count="0" type="stmt"/>
      <line num="115" count="0" type="stmt"/>
      <line num="120" count="30" type="cond" truecount="1" falsecount="1"/>
      <line num="122" count="30" type="stmt"/>
      <line num="123" count="30" type="stmt"/>
      <line num="124" count="30" type="stmt"/>
      <line num="126" count="12" type="stmt"/>
      <line num="128" count="30" type="stmt"/>
      <line num="134" count="2" type="cond" truecount="1" falsecount="1"/>
      <line num="136" count="2" type="stmt"/>
      <line num="137" count="2" type="stmt"/>
      <line num="138" count="2" type="stmt"/>
      <line num="140" count="2" type="stmt"/>
      <line num="142" count="2" type="stmt"/>
      <line num="148" count="20" type="cond" truecount="1" falsecount="1"/>
      <line num="150" count="20" type="cond" truecount="1" falsecount="1"/>
      <line num="152" count="20" type="stmt"/>
      <line num="153" count="20" type="stmt"/>
      <line num="155" count="0" type="cond" truecount="0" falsecount="2"/>
      <line num="157" count="0" type="stmt"/>
      <line num="158" count="0" type="stmt"/>
      <line num="163" count="0" type="stmt"/>
      <line num="164" count="0" type="stmt"/>
      <line num="170" count="24" type="cond" truecount="1" falsecount="1"/>
      <line num="171" count="24" type="cond" truecount="1" falsecount="1"/>
      <line num="172" count="24" type="stmt"/>
      <line num="173" count="24" type="stmt"/>
      <line num="174" count="20" type="cond" truecount="1" falsecount="1"/>
      <line num="175" count="0" type="cond" truecount="0" falsecount="2"/>
      <line num="176" count="0" type="cond" truecount="0" falsecount="2"/>
      <line num="178" count="0" type="stmt"/>
      <line num="179" count="0" type="stmt"/>
      <line num="180" count="0" type="stmt"/>
      <line num="181" count="0" type="cond" truecount="0" falsecount="4"/>
      <line num="182" count="0" type="stmt"/>
      <line num="184" count="0" type="cond" truecount="0" falsecount="4"/>
      <line num="185" count="0" type="stmt"/>
      <line num="187" count="0" type="stmt"/>
      <line num="189" count="0" type="cond" truecount="0" falsecount="2"/>
      <line num="196" count="0" type="stmt"/>
      <line num="197" count="0" type="stmt"/>
      <line num="198" count="0" type="stmt"/>
      <line num="200" count="0" type="stmt"/>
      <line num="201" count="0" type="cond" truecount="0" falsecount="5"/>
      <line num="203" count="0" type="stmt"/>
      <line num="204" count="0" type="cond" truecount="0" falsecount="4"/>
      <line num="205" count="0" type="stmt"/>
      <line num="207" count="0" type="cond" truecount="0" falsecount="4"/>
      <line num="208" count="0" type="stmt"/>
      <line num="210" count="0" type="stmt"/>
      <line num="214" count="0" type="stmt"/>
      <line num="219" count="0" type="cond" truecount="0" falsecount="4"/>
      <line num="220" count="0" type="stmt"/>
      <line num="225" count="0" type="stmt"/>
      <line num="228" count="42" type="stmt"/>
      <line num="230" count="20" type="stmt"/>
      <line num="232" count="20" type="stmt"/>
      <line num="233" count="20" type="stmt"/>
      <line num="237" count="0" type="stmt"/>
      <line num="240" count="24" type="cond" truecount="2" falsecount="0"/>
      <line num="242" count="6" type="cond" truecount="1" falsecount="1"/>
      <line num="243" count="0" type="stmt"/>
      <line num="244" count="6" type="stmt"/>
      <line num="246" count="18" type="cond" truecount="1" falsecount="1"/>
      <line num="248" count="0" type="cond" truecount="0" falsecount="2"/>
      <line num="249" count="0" type="stmt"/>
      <line num="250" count="0" type="stmt"/>
      <line num="254" count="18" type="cond" truecount="1" falsecount="1"/>
      <line num="255" count="0" type="stmt"/>
      <line num="256" count="18" type="cond" truecount="1" falsecount="1"/>
      <line num="257" count="0" type="stmt"/>
      <line num="258" count="18" type="stmt"/>
      <line num="265" count="0" type="stmt"/>
      <line num="270" count="0" type="stmt"/>
      <line num="275" count="0" type="stmt"/>
      <line num="277" count="0" type="stmt"/>
      <line num="278" count="0" type="stmt"/>
      <line num="279" count="0" type="stmt"/>
      <line num="286" count="1" type="stmt"/>
      <line num="287" count="1" type="stmt"/>
      <line num="288" count="1" type="stmt"/>
      <line num="289" count="1" type="stmt"/>
    </file>
  </project>
</coverage>
