<?xml version="1.0" encoding="UTF-8"?>
<coverage generated="1566119621201" clover="3.2.0">
  <project timestamp="1566119621201" name="All files">
    <metrics statements="129" coveredstatements="102" conditionals="106" coveredconditionals="52" methods="62" coveredmethods="45" elements="297" coveredelements="199" complexity="0" loc="129" ncloc="129" packages="1" files="1" classes="1"/>
    <file name="vachan.js" path="/Users/kavitapatkar/ArchanPatkar/Projects/Vachan/src/vachan.js">
      <metrics statements="129" coveredstatements="102" conditionals="106" coveredconditionals="52" methods="62" coveredmethods="45"/>
      <line num="1" count="1" type="stmt"/>
      <line num="2" count="1" type="stmt"/>
      <line num="3" count="1" type="stmt"/>
      <line num="4" count="1" type="stmt"/>
      <line num="5" count="1" type="stmt"/>
      <line num="6" count="1" type="stmt"/>
      <line num="7" count="1" type="stmt"/>
      <line num="8" count="1" type="stmt"/>
      <line num="9" count="1" type="stmt"/>
      <line num="11" count="1" type="stmt"/>
      <line num="12" count="1" type="stmt"/>
      <line num="13" count="74" type="stmt"/>
      <line num="14" count="1" type="stmt"/>
      <line num="16" count="1" type="stmt"/>
      <line num="17" count="74" type="cond" truecount="2" falsecount="0"/>
      <line num="18" count="20" type="cond" truecount="1" falsecount="1"/>
      <line num="19" count="20" type="cond" truecount="1" falsecount="1"/>
      <line num="21" count="0" type="stmt"/>
      <line num="22" count="0" type="stmt"/>
      <line num="24" count="20" type="cond" truecount="2" falsecount="0"/>
      <line num="31" count="3" type="stmt"/>
      <line num="32" count="3" type="stmt"/>
      <line num="33" count="3" type="stmt"/>
      <line num="35" count="3" type="stmt"/>
      <line num="36" count="3" type="cond" truecount="2" falsecount="3"/>
      <line num="38" count="0" type="stmt"/>
      <line num="39" count="0" type="cond" truecount="0" falsecount="4"/>
      <line num="40" count="0" type="stmt"/>
      <line num="42" count="0" type="cond" truecount="0" falsecount="4"/>
      <line num="43" count="0" type="stmt"/>
      <line num="45" count="0" type="stmt"/>
      <line num="49" count="3" type="stmt"/>
      <line num="54" count="0" type="cond" truecount="0" falsecount="4"/>
      <line num="55" count="0" type="stmt"/>
      <line num="60" count="17" type="stmt"/>
      <line num="64" count="132" type="stmt"/>
      <line num="65" count="74" type="stmt"/>
      <line num="67" count="74" type="stmt"/>
      <line num="71" count="0" type="stmt"/>
      <line num="79" count="11" type="stmt"/>
      <line num="84" count="12" type="stmt"/>
      <line num="89" count="6" type="cond" truecount="4" falsecount="0"/>
      <line num="90" count="6" type="stmt"/>
      <line num="92" count="6" type="stmt"/>
      <line num="93" count="6" type="stmt"/>
      <line num="94" count="17" type="cond" truecount="2" falsecount="0"/>
      <line num="95" count="17" type="cond" truecount="3" falsecount="0"/>
      <line num="96" count="6" type="stmt"/>
      <line num="97" count="18" type="stmt"/>
      <line num="104" count="2" type="cond" truecount="2" falsecount="2"/>
      <line num="105" count="2" type="stmt"/>
      <line num="107" count="2" type="stmt"/>
      <line num="108" count="5" type="cond" truecount="3" falsecount="1"/>
      <line num="109" count="2" type="stmt"/>
      <line num="110" count="6" type="stmt"/>
      <line num="116" count="0" type="cond" truecount="0" falsecount="4"/>
      <line num="117" count="0" type="stmt"/>
      <line num="119" count="0" type="stmt"/>
      <line num="120" count="0" type="stmt"/>
      <line num="121" count="0" type="stmt"/>
      <line num="122" count="0" type="cond" truecount="0" falsecount="2"/>
      <line num="123" count="0" type="cond" truecount="0" falsecount="4"/>
      <line num="124" count="0" type="cond" truecount="0" falsecount="3"/>
      <line num="125" count="0" type="stmt"/>
      <line num="132" count="8" type="stmt"/>
      <line num="137" count="1" type="stmt"/>
      <line num="138" count="2" type="stmt"/>
      <line num="139" count="2" type="cond" truecount="1" falsecount="1"/>
      <line num="141" count="2" type="cond" truecount="2" falsecount="0"/>
      <line num="143" count="0" type="cond" truecount="0" falsecount="2"/>
      <line num="150" count="126" type="cond" truecount="3" falsecount="5"/>
      <line num="151" count="126" type="stmt"/>
      <line num="152" count="126" type="stmt"/>
      <line num="153" count="126" type="stmt"/>
      <line num="154" count="126" type="stmt"/>
      <line num="155" count="126" type="cond" truecount="2" falsecount="0"/>
      <line num="157" count="51" type="stmt"/>
      <line num="158" count="51" type="stmt"/>
      <line num="159" count="38" type="stmt"/>
      <line num="160" count="17" type="stmt"/>
      <line num="164" count="126" type="stmt"/>
      <line num="169" count="4" type="stmt"/>
      <line num="174" count="4" type="stmt"/>
      <line num="179" count="1" type="stmt"/>
      <line num="184" count="112" type="cond" truecount="2" falsecount="0"/>
      <line num="186" count="108" type="stmt"/>
      <line num="187" count="108" type="stmt"/>
      <line num="188" count="108" type="stmt"/>
      <line num="190" count="54" type="stmt"/>
      <line num="192" count="108" type="stmt"/>
      <line num="198" count="17" type="cond" truecount="1" falsecount="1"/>
      <line num="200" count="17" type="stmt"/>
      <line num="201" count="17" type="stmt"/>
      <line num="202" count="17" type="stmt"/>
      <line num="204" count="5" type="stmt"/>
      <line num="206" count="17" type="stmt"/>
      <line num="212" count="0" type="cond" truecount="0" falsecount="8"/>
      <line num="217" count="74" type="cond" truecount="1" falsecount="1"/>
      <line num="218" count="74" type="stmt"/>
      <line num="223" count="74" type="cond" truecount="2" falsecount="0"/>
      <line num="224" count="74" type="cond" truecount="2" falsecount="0"/>
      <line num="225" count="74" type="stmt"/>
      <line num="226" count="74" type="stmt"/>
      <line num="227" count="74" type="stmt"/>
      <line num="228" count="0" type="stmt"/>
      <line num="231" count="74" type="cond" truecount="2" falsecount="0"/>
      <line num="233" count="7" type="cond" truecount="1" falsecount="1"/>
      <line num="234" count="0" type="stmt"/>
      <line num="235" count="7" type="stmt"/>
      <line num="237" count="67" type="cond" truecount="2" falsecount="0"/>
      <line num="239" count="8" type="cond" truecount="1" falsecount="1"/>
      <line num="240" count="0" type="stmt"/>
      <line num="241" count="8" type="stmt"/>
      <line num="245" count="59" type="cond" truecount="1" falsecount="1"/>
      <line num="246" count="0" type="stmt"/>
      <line num="247" count="59" type="cond" truecount="2" falsecount="0"/>
      <line num="248" count="1" type="stmt"/>
      <line num="249" count="59" type="stmt"/>
      <line num="251" count="74" type="stmt"/>
      <line num="256" count="3" type="stmt"/>
      <line num="261" count="3" type="stmt"/>
      <line num="266" count="3" type="stmt"/>
      <line num="268" count="3" type="stmt"/>
      <line num="269" count="3" type="stmt"/>
      <line num="270" count="0" type="stmt"/>
      <line num="277" count="1" type="stmt"/>
      <line num="278" count="1" type="stmt"/>
      <line num="279" count="1" type="stmt"/>
      <line num="280" count="1" type="stmt"/>
    </file>
  </project>
</coverage>
