{"/Users/kavitapatkar/ArchanPatkar/Projects/Vachan/src/vachan.js": {"path":"/Users/kavitapatkar/ArchanPatkar/Projects/Vachan/src/vachan.js","statementMap":{"0":{"start":{"line":1,"column":15},"end":{"line":1,"column":17}},"1":{"start":{"line":2,"column":0},"end":{"line":2,"column":35}},"2":{"start":{"line":3,"column":0},"end":{"line":3,"column":39}},"3":{"start":{"line":4,"column":0},"end":{"line":4,"column":37}},"4":{"start":{"line":5,"column":0},"end":{"line":5,"column":31}},"5":{"start":{"line":6,"column":0},"end":{"line":6,"column":31}},"6":{"start":{"line":7,"column":0},"end":{"line":7,"column":29}},"7":{"start":{"line":8,"column":0},"end":{"line":8,"column":35}},"8":{"start":{"line":9,"column":0},"end":{"line":9,"column":40}},"9":{"start":{"line":11,"column":19},"end":{"line":57,"column":1}},"10":{"start":{"line":12,"column":4},"end":{"line":56,"column":5}},"11":{"start":{"line":12,"column":22},"end":{"line":12,"column":37}},"12":{"start":{"line":13,"column":9},"end":{"line":56,"column":5}},"13":{"start":{"line":13,"column":26},"end":{"line":13,"column":85}},"14":{"start":{"line":14,"column":9},"end":{"line":56,"column":5}},"15":{"start":{"line":16,"column":8},"end":{"line":16,"column":66}},"16":{"start":{"line":16,"column":24},"end":{"line":16,"column":57}},"17":{"start":{"line":17,"column":8},"end":{"line":17,"column":48}},"18":{"start":{"line":19,"column":9},"end":{"line":56,"column":5}},"19":{"start":{"line":26,"column":22},"end":{"line":26,"column":27}},"20":{"start":{"line":27,"column":23},"end":{"line":27,"column":28}},"21":{"start":{"line":28,"column":8},"end":{"line":51,"column":9}},"22":{"start":{"line":30,"column":23},"end":{"line":30,"column":36}},"23":{"start":{"line":31,"column":12},"end":{"line":45,"column":13}},"24":{"start":{"line":33,"column":16},"end":{"line":39,"column":19}},"25":{"start":{"line":34,"column":20},"end":{"line":34,"column":80}},"26":{"start":{"line":34,"column":46},"end":{"line":34,"column":80}},"27":{"start":{"line":35,"column":20},"end":{"line":35,"column":35}},"28":{"start":{"line":37,"column":20},"end":{"line":37,"column":56}},"29":{"start":{"line":37,"column":46},"end":{"line":37,"column":56}},"30":{"start":{"line":38,"column":20},"end":{"line":38,"column":36}},"31":{"start":{"line":40,"column":16},"end":{"line":40,"column":56}},"32":{"start":{"line":44,"column":16},"end":{"line":44,"column":31}},"33":{"start":{"line":49,"column":12},"end":{"line":50,"column":27}},"34":{"start":{"line":50,"column":17},"end":{"line":50,"column":27}},"35":{"start":{"line":55,"column":8},"end":{"line":55,"column":23}},"36":{"start":{"line":59,"column":14},"end":{"line":68,"column":1}},"37":{"start":{"line":59,"column":29},"end":{"line":68,"column":1}},"38":{"start":{"line":60,"column":4},"end":{"line":67,"column":5}},"39":{"start":{"line":62,"column":8},"end":{"line":62,"column":69}},"40":{"start":{"line":66,"column":8},"end":{"line":66,"column":26}},"41":{"start":{"line":74,"column":8},"end":{"line":74,"column":46}},"42":{"start":{"line":74,"column":34},"end":{"line":74,"column":44}},"43":{"start":{"line":79,"column":8},"end":{"line":79,"column":52}},"44":{"start":{"line":79,"column":41},"end":{"line":79,"column":50}},"45":{"start":{"line":84,"column":8},"end":{"line":84,"column":58}},"46":{"start":{"line":84,"column":49},"end":{"line":84,"column":58}},"47":{"start":{"line":85,"column":8},"end":{"line":98,"column":10}},"48":{"start":{"line":87,"column":32},"end":{"line":87,"column":33}},"49":{"start":{"line":88,"column":29},"end":{"line":88,"column":31}},"50":{"start":{"line":89,"column":28},"end":{"line":89,"column":72}},"51":{"start":{"line":89,"column":33},"end":{"line":89,"column":72}},"52":{"start":{"line":90,"column":30},"end":{"line":94,"column":17}},"53":{"start":{"line":91,"column":20},"end":{"line":91,"column":32}},"54":{"start":{"line":92,"column":20},"end":{"line":92,"column":35}},"55":{"start":{"line":93,"column":20},"end":{"line":93,"column":28}},"56":{"start":{"line":95,"column":33},"end":{"line":95,"column":47}},"57":{"start":{"line":95,"column":38},"end":{"line":95,"column":47}},"58":{"start":{"line":96,"column":16},"end":{"line":96,"column":65}},"59":{"start":{"line":96,"column":35},"end":{"line":96,"column":65}},"60":{"start":{"line":103,"column":8},"end":{"line":103,"column":58}},"61":{"start":{"line":103,"column":49},"end":{"line":103,"column":58}},"62":{"start":{"line":104,"column":8},"end":{"line":121,"column":10}},"63":{"start":{"line":106,"column":32},"end":{"line":106,"column":33}},"64":{"start":{"line":107,"column":27},"end":{"line":107,"column":32}},"65":{"start":{"line":108,"column":30},"end":{"line":114,"column":17}},"66":{"start":{"line":109,"column":20},"end":{"line":113,"column":21}},"67":{"start":{"line":111,"column":24},"end":{"line":111,"column":36}},"68":{"start":{"line":112,"column":24},"end":{"line":112,"column":35}},"69":{"start":{"line":115,"column":33},"end":{"line":115,"column":47}},"70":{"start":{"line":115,"column":38},"end":{"line":115,"column":47}},"71":{"start":{"line":116,"column":16},"end":{"line":119,"column":17}},"72":{"start":{"line":118,"column":20},"end":{"line":118,"column":50}},"73":{"start":{"line":126,"column":8},"end":{"line":126,"column":69}},"74":{"start":{"line":126,"column":34},"end":{"line":126,"column":67}},"75":{"start":{"line":126,"column":49},"end":{"line":126,"column":63}},"76":{"start":{"line":131,"column":8},"end":{"line":139,"column":9}},"77":{"start":{"line":132,"column":12},"end":{"line":138,"column":15}},"78":{"start":{"line":133,"column":16},"end":{"line":137,"column":74}},"79":{"start":{"line":135,"column":20},"end":{"line":135,"column":81}},"80":{"start":{"line":135,"column":50},"end":{"line":135,"column":79}},"81":{"start":{"line":137,"column":21},"end":{"line":137,"column":74}},"82":{"start":{"line":137,"column":43},"end":{"line":137,"column":72}},"83":{"start":{"line":144,"column":8},"end":{"line":144,"column":27}},"84":{"start":{"line":145,"column":8},"end":{"line":145,"column":25}},"85":{"start":{"line":146,"column":8},"end":{"line":146,"column":36}},"86":{"start":{"line":147,"column":8},"end":{"line":147,"column":31}},"87":{"start":{"line":148,"column":8},"end":{"line":148,"column":34}},"88":{"start":{"line":149,"column":8},"end":{"line":149,"column":34}},"89":{"start":{"line":150,"column":8},"end":{"line":158,"column":9}},"90":{"start":{"line":152,"column":12},"end":{"line":152,"column":31}},"91":{"start":{"line":153,"column":12},"end":{"line":157,"column":14}},"92":{"start":{"line":154,"column":23},"end":{"line":154,"column":38}},"93":{"start":{"line":155,"column":23},"end":{"line":155,"column":37}},"94":{"start":{"line":159,"column":8},"end":{"line":159,"column":42}},"95":{"start":{"line":164,"column":8},"end":{"line":164,"column":47}},"96":{"start":{"line":169,"column":8},"end":{"line":169,"column":46}},"97":{"start":{"line":174,"column":8},"end":{"line":174,"column":45}},"98":{"start":{"line":179,"column":8},"end":{"line":188,"column":9}},"99":{"start":{"line":181,"column":12},"end":{"line":181,"column":42}},"100":{"start":{"line":182,"column":12},"end":{"line":182,"column":27}},"101":{"start":{"line":183,"column":12},"end":{"line":186,"column":13}},"102":{"start":{"line":185,"column":16},"end":{"line":185,"column":49}},"103":{"start":{"line":185,"column":37},"end":{"line":185,"column":47}},"104":{"start":{"line":187,"column":12},"end":{"line":187,"column":48}},"105":{"start":{"line":193,"column":8},"end":{"line":202,"column":9}},"106":{"start":{"line":195,"column":12},"end":{"line":195,"column":41}},"107":{"start":{"line":196,"column":12},"end":{"line":196,"column":27}},"108":{"start":{"line":197,"column":12},"end":{"line":200,"column":13}},"109":{"start":{"line":199,"column":16},"end":{"line":199,"column":49}},"110":{"start":{"line":199,"column":37},"end":{"line":199,"column":47}},"111":{"start":{"line":201,"column":12},"end":{"line":201,"column":47}},"112":{"start":{"line":207,"column":8},"end":{"line":224,"column":9}},"113":{"start":{"line":209,"column":12},"end":{"line":218,"column":13}},"114":{"start":{"line":211,"column":16},"end":{"line":211,"column":36}},"115":{"start":{"line":212,"column":16},"end":{"line":212,"column":68}},"116":{"start":{"line":214,"column":17},"end":{"line":218,"column":13}},"117":{"start":{"line":216,"column":16},"end":{"line":216,"column":32}},"118":{"start":{"line":217,"column":16},"end":{"line":217,"column":68}},"119":{"start":{"line":222,"column":12},"end":{"line":222,"column":16}},"120":{"start":{"line":223,"column":12},"end":{"line":223,"column":63}},"121":{"start":{"line":229,"column":8},"end":{"line":229,"column":51}},"122":{"start":{"line":229,"column":37},"end":{"line":229,"column":51}},"123":{"start":{"line":230,"column":8},"end":{"line":230,"column":51}},"124":{"start":{"line":230,"column":37},"end":{"line":230,"column":51}},"125":{"start":{"line":231,"column":25},"end":{"line":231,"column":32}},"126":{"start":{"line":232,"column":24},"end":{"line":236,"column":9}},"127":{"start":{"line":233,"column":25},"end":{"line":233,"column":44}},"128":{"start":{"line":234,"column":24},"end":{"line":234,"column":42}},"129":{"start":{"line":237,"column":8},"end":{"line":256,"column":9}},"130":{"start":{"line":239,"column":12},"end":{"line":240,"column":68}},"131":{"start":{"line":239,"column":18},"end":{"line":239,"column":71}},"132":{"start":{"line":239,"column":39},"end":{"line":239,"column":69}},"133":{"start":{"line":240,"column":17},"end":{"line":240,"column":68}},"134":{"start":{"line":240,"column":38},"end":{"line":240,"column":66}},"135":{"start":{"line":241,"column":12},"end":{"line":241,"column":61}},"136":{"start":{"line":243,"column":13},"end":{"line":256,"column":9}},"137":{"start":{"line":245,"column":12},"end":{"line":246,"column":67}},"138":{"start":{"line":245,"column":18},"end":{"line":245,"column":71}},"139":{"start":{"line":245,"column":39},"end":{"line":245,"column":69}},"140":{"start":{"line":246,"column":17},"end":{"line":246,"column":67}},"141":{"start":{"line":246,"column":38},"end":{"line":246,"column":65}},"142":{"start":{"line":247,"column":12},"end":{"line":247,"column":61}},"143":{"start":{"line":251,"column":12},"end":{"line":252,"column":60}},"144":{"start":{"line":251,"column":18},"end":{"line":251,"column":64}},"145":{"start":{"line":252,"column":17},"end":{"line":252,"column":60}},"146":{"start":{"line":253,"column":12},"end":{"line":254,"column":59}},"147":{"start":{"line":253,"column":18},"end":{"line":253,"column":64}},"148":{"start":{"line":254,"column":17},"end":{"line":254,"column":59}},"149":{"start":{"line":255,"column":12},"end":{"line":255,"column":55}},"150":{"start":{"line":257,"column":8},"end":{"line":257,"column":24}},"151":{"start":{"line":262,"column":8},"end":{"line":262,"column":38}},"152":{"start":{"line":267,"column":8},"end":{"line":267,"column":30}},"153":{"start":{"line":272,"column":8},"end":{"line":279,"column":10}},"154":{"start":{"line":274,"column":16},"end":{"line":277,"column":18}},"155":{"start":{"line":275,"column":25},"end":{"line":275,"column":54}},"156":{"start":{"line":275,"column":40},"end":{"line":275,"column":50}},"157":{"start":{"line":276,"column":25},"end":{"line":276,"column":53}},"158":{"start":{"line":276,"column":40},"end":{"line":276,"column":49}},"159":{"start":{"line":283,"column":0},"end":{"line":283,"column":13}},"160":{"start":{"line":284,"column":0},"end":{"line":284,"column":28}},"161":{"start":{"line":285,"column":0},"end":{"line":285,"column":36}},"162":{"start":{"line":286,"column":0},"end":{"line":286,"column":36}}},"fnMap":{"0":{"name":"(anonymous_0)","decl":{"start":{"line":11,"column":19},"end":{"line":11,"column":20}},"loc":{"start":{"line":11,"column":48},"end":{"line":57,"column":1}},"line":11},"1":{"name":"(anonymous_1)","decl":{"start":{"line":16,"column":19},"end":{"line":16,"column":20}},"loc":{"start":{"line":16,"column":24},"end":{"line":16,"column":57}},"line":16},"2":{"name":"(anonymous_2)","decl":{"start":{"line":33,"column":32},"end":{"line":33,"column":33}},"loc":{"start":{"line":33,"column":39},"end":{"line":36,"column":17}},"line":33},"3":{"name":"(anonymous_3)","decl":{"start":{"line":36,"column":18},"end":{"line":36,"column":19}},"loc":{"start":{"line":36,"column":25},"end":{"line":39,"column":17}},"line":36},"4":{"name":"(anonymous_4)","decl":{"start":{"line":59,"column":14},"end":{"line":59,"column":15}},"loc":{"start":{"line":59,"column":29},"end":{"line":68,"column":1}},"line":59},"5":{"name":"(anonymous_5)","decl":{"start":{"line":59,"column":29},"end":{"line":59,"column":30}},"loc":{"start":{"line":59,"column":36},"end":{"line":68,"column":1}},"line":59},"6":{"name":"(anonymous_6)","decl":{"start":{"line":72,"column":4},"end":{"line":72,"column":5}},"loc":{"start":{"line":73,"column":4},"end":{"line":75,"column":5}},"line":73},"7":{"name":"(anonymous_7)","decl":{"start":{"line":74,"column":21},"end":{"line":74,"column":22}},"loc":{"start":{"line":74,"column":34},"end":{"line":74,"column":44}},"line":74},"8":{"name":"(anonymous_8)","decl":{"start":{"line":77,"column":4},"end":{"line":77,"column":5}},"loc":{"start":{"line":78,"column":4},"end":{"line":80,"column":5}},"line":78},"9":{"name":"(anonymous_9)","decl":{"start":{"line":79,"column":21},"end":{"line":79,"column":22}},"loc":{"start":{"line":79,"column":41},"end":{"line":79,"column":50}},"line":79},"10":{"name":"(anonymous_10)","decl":{"start":{"line":82,"column":4},"end":{"line":82,"column":5}},"loc":{"start":{"line":83,"column":4},"end":{"line":99,"column":5}},"line":83},"11":{"name":"(anonymous_11)","decl":{"start":{"line":86,"column":12},"end":{"line":86,"column":13}},"loc":{"start":{"line":86,"column":32},"end":{"line":97,"column":13}},"line":86},"12":{"name":"(anonymous_12)","decl":{"start":{"line":89,"column":28},"end":{"line":89,"column":29}},"loc":{"start":{"line":89,"column":33},"end":{"line":89,"column":72}},"line":89},"13":{"name":"(anonymous_13)","decl":{"start":{"line":90,"column":30},"end":{"line":90,"column":31}},"loc":{"start":{"line":90,"column":35},"end":{"line":94,"column":17}},"line":90},"14":{"name":"(anonymous_14)","decl":{"start":{"line":95,"column":33},"end":{"line":95,"column":34}},"loc":{"start":{"line":95,"column":38},"end":{"line":95,"column":47}},"line":95},"15":{"name":"(anonymous_15)","decl":{"start":{"line":101,"column":4},"end":{"line":101,"column":5}},"loc":{"start":{"line":102,"column":4},"end":{"line":122,"column":5}},"line":102},"16":{"name":"(anonymous_16)","decl":{"start":{"line":105,"column":12},"end":{"line":105,"column":13}},"loc":{"start":{"line":105,"column":32},"end":{"line":120,"column":13}},"line":105},"17":{"name":"(anonymous_17)","decl":{"start":{"line":108,"column":30},"end":{"line":108,"column":31}},"loc":{"start":{"line":108,"column":35},"end":{"line":114,"column":17}},"line":108},"18":{"name":"(anonymous_18)","decl":{"start":{"line":115,"column":33},"end":{"line":115,"column":34}},"loc":{"start":{"line":115,"column":38},"end":{"line":115,"column":47}},"line":115},"19":{"name":"(anonymous_19)","decl":{"start":{"line":124,"column":4},"end":{"line":124,"column":5}},"loc":{"start":{"line":125,"column":4},"end":{"line":127,"column":5}},"line":125},"20":{"name":"(anonymous_20)","decl":{"start":{"line":126,"column":21},"end":{"line":126,"column":22}},"loc":{"start":{"line":126,"column":34},"end":{"line":126,"column":67}},"line":126},"21":{"name":"(anonymous_21)","decl":{"start":{"line":126,"column":45},"end":{"line":126,"column":46}},"loc":{"start":{"line":126,"column":49},"end":{"line":126,"column":63}},"line":126},"22":{"name":"(anonymous_22)","decl":{"start":{"line":129,"column":4},"end":{"line":129,"column":5}},"loc":{"start":{"line":130,"column":4},"end":{"line":140,"column":5}},"line":130},"23":{"name":"(anonymous_23)","decl":{"start":{"line":131,"column":15},"end":{"line":131,"column":16}},"loc":{"start":{"line":131,"column":28},"end":{"line":139,"column":9}},"line":131},"24":{"name":"(anonymous_24)","decl":{"start":{"line":132,"column":25},"end":{"line":132,"column":26}},"loc":{"start":{"line":132,"column":45},"end":{"line":138,"column":13}},"line":132},"25":{"name":"(anonymous_25)","decl":{"start":{"line":135,"column":36},"end":{"line":135,"column":37}},"loc":{"start":{"line":135,"column":50},"end":{"line":135,"column":79}},"line":135},"26":{"name":"(anonymous_26)","decl":{"start":{"line":137,"column":29},"end":{"line":137,"column":30}},"loc":{"start":{"line":137,"column":43},"end":{"line":137,"column":72}},"line":137},"27":{"name":"(anonymous_27)","decl":{"start":{"line":142,"column":4},"end":{"line":142,"column":5}},"loc":{"start":{"line":143,"column":4},"end":{"line":160,"column":5}},"line":143},"28":{"name":"(anonymous_28)","decl":{"start":{"line":154,"column":16},"end":{"line":154,"column":17}},"loc":{"start":{"line":154,"column":23},"end":{"line":154,"column":38}},"line":154},"29":{"name":"(anonymous_29)","decl":{"start":{"line":155,"column":16},"end":{"line":155,"column":17}},"loc":{"start":{"line":155,"column":23},"end":{"line":155,"column":37}},"line":155},"30":{"name":"(anonymous_30)","decl":{"start":{"line":162,"column":4},"end":{"line":162,"column":5}},"loc":{"start":{"line":163,"column":4},"end":{"line":165,"column":5}},"line":163},"31":{"name":"(anonymous_31)","decl":{"start":{"line":167,"column":4},"end":{"line":167,"column":5}},"loc":{"start":{"line":168,"column":4},"end":{"line":170,"column":5}},"line":168},"32":{"name":"(anonymous_32)","decl":{"start":{"line":172,"column":4},"end":{"line":172,"column":5}},"loc":{"start":{"line":173,"column":4},"end":{"line":175,"column":5}},"line":173},"33":{"name":"(anonymous_33)","decl":{"start":{"line":177,"column":4},"end":{"line":177,"column":5}},"loc":{"start":{"line":178,"column":4},"end":{"line":189,"column":5}},"line":178},"34":{"name":"(anonymous_34)","decl":{"start":{"line":185,"column":31},"end":{"line":185,"column":32}},"loc":{"start":{"line":185,"column":37},"end":{"line":185,"column":47}},"line":185},"35":{"name":"(anonymous_35)","decl":{"start":{"line":191,"column":4},"end":{"line":191,"column":5}},"loc":{"start":{"line":192,"column":4},"end":{"line":203,"column":5}},"line":192},"36":{"name":"(anonymous_36)","decl":{"start":{"line":199,"column":31},"end":{"line":199,"column":32}},"loc":{"start":{"line":199,"column":37},"end":{"line":199,"column":47}},"line":199},"37":{"name":"(anonymous_37)","decl":{"start":{"line":205,"column":4},"end":{"line":205,"column":5}},"loc":{"start":{"line":206,"column":4},"end":{"line":225,"column":5}},"line":206},"38":{"name":"(anonymous_38)","decl":{"start":{"line":227,"column":4},"end":{"line":227,"column":5}},"loc":{"start":{"line":228,"column":4},"end":{"line":258,"column":5}},"line":228},"39":{"name":"(anonymous_39)","decl":{"start":{"line":233,"column":20},"end":{"line":233,"column":21}},"loc":{"start":{"line":233,"column":25},"end":{"line":233,"column":44}},"line":233},"40":{"name":"(anonymous_40)","decl":{"start":{"line":234,"column":19},"end":{"line":234,"column":20}},"loc":{"start":{"line":234,"column":24},"end":{"line":234,"column":42}},"line":234},"41":{"name":"(anonymous_41)","decl":{"start":{"line":239,"column":33},"end":{"line":239,"column":34}},"loc":{"start":{"line":239,"column":39},"end":{"line":239,"column":69}},"line":239},"42":{"name":"(anonymous_42)","decl":{"start":{"line":240,"column":32},"end":{"line":240,"column":33}},"loc":{"start":{"line":240,"column":38},"end":{"line":240,"column":66}},"line":240},"43":{"name":"(anonymous_43)","decl":{"start":{"line":245,"column":33},"end":{"line":245,"column":34}},"loc":{"start":{"line":245,"column":39},"end":{"line":245,"column":69}},"line":245},"44":{"name":"(anonymous_44)","decl":{"start":{"line":246,"column":32},"end":{"line":246,"column":33}},"loc":{"start":{"line":246,"column":38},"end":{"line":246,"column":65}},"line":246},"45":{"name":"(anonymous_45)","decl":{"start":{"line":260,"column":4},"end":{"line":260,"column":5}},"loc":{"start":{"line":261,"column":4},"end":{"line":263,"column":5}},"line":261},"46":{"name":"(anonymous_46)","decl":{"start":{"line":265,"column":4},"end":{"line":265,"column":5}},"loc":{"start":{"line":266,"column":4},"end":{"line":268,"column":5}},"line":266},"47":{"name":"(anonymous_47)","decl":{"start":{"line":270,"column":4},"end":{"line":270,"column":5}},"loc":{"start":{"line":271,"column":4},"end":{"line":280,"column":5}},"line":271},"48":{"name":"(anonymous_48)","decl":{"start":{"line":273,"column":12},"end":{"line":273,"column":13}},"loc":{"start":{"line":273,"column":32},"end":{"line":278,"column":13}},"line":273},"49":{"name":"(anonymous_49)","decl":{"start":{"line":275,"column":20},"end":{"line":275,"column":21}},"loc":{"start":{"line":275,"column":25},"end":{"line":275,"column":54}},"line":275},"50":{"name":"(anonymous_50)","decl":{"start":{"line":275,"column":36},"end":{"line":275,"column":37}},"loc":{"start":{"line":275,"column":40},"end":{"line":275,"column":50}},"line":275},"51":{"name":"(anonymous_51)","decl":{"start":{"line":276,"column":20},"end":{"line":276,"column":21}},"loc":{"start":{"line":276,"column":25},"end":{"line":276,"column":53}},"line":276},"52":{"name":"(anonymous_52)","decl":{"start":{"line":276,"column":36},"end":{"line":276,"column":37}},"loc":{"start":{"line":276,"column":40},"end":{"line":276,"column":49}},"line":276}},"branchMap":{"0":{"loc":{"start":{"line":12,"column":4},"end":{"line":56,"column":5}},"type":"if","locations":[{"start":{"line":12,"column":4},"end":{"line":56,"column":5}},{"start":{"line":12,"column":4},"end":{"line":56,"column":5}}],"line":12},"1":{"loc":{"start":{"line":13,"column":9},"end":{"line":56,"column":5}},"type":"if","locations":[{"start":{"line":13,"column":9},"end":{"line":56,"column":5}},{"start":{"line":13,"column":9},"end":{"line":56,"column":5}}],"line":13},"2":{"loc":{"start":{"line":14,"column":9},"end":{"line":56,"column":5}},"type":"if","locations":[{"start":{"line":14,"column":9},"end":{"line":56,"column":5}},{"start":{"line":14,"column":9},"end":{"line":56,"column":5}}],"line":14},"3":{"loc":{"start":{"line":19,"column":9},"end":{"line":56,"column":5}},"type":"if","locations":[{"start":{"line":19,"column":9},"end":{"line":56,"column":5}},{"start":{"line":19,"column":9},"end":{"line":56,"column":5}}],"line":19},"4":{"loc":{"start":{"line":20,"column":12},"end":{"line":23,"column":40}},"type":"binary-expr","locations":[{"start":{"line":20,"column":12},"end":{"line":20,"column":35}},{"start":{"line":21,"column":12},"end":{"line":21,"column":37}},{"start":{"line":22,"column":12},"end":{"line":22,"column":38}},{"start":{"line":23,"column":12},"end":{"line":23,"column":40}}],"line":20},"5":{"loc":{"start":{"line":31,"column":12},"end":{"line":45,"column":13}},"type":"if","locations":[{"start":{"line":31,"column":12},"end":{"line":45,"column":13}},{"start":{"line":31,"column":12},"end":{"line":45,"column":13}}],"line":31},"6":{"loc":{"start":{"line":31,"column":15},"end":{"line":31,"column":93}},"type":"binary-expr","locations":[{"start":{"line":31,"column":15},"end":{"line":31,"column":33}},{"start":{"line":31,"column":38},"end":{"line":31,"column":62}},{"start":{"line":31,"column":66},"end":{"line":31,"column":92}}],"line":31},"7":{"loc":{"start":{"line":34,"column":20},"end":{"line":34,"column":80}},"type":"if","locations":[{"start":{"line":34,"column":20},"end":{"line":34,"column":80}},{"start":{"line":34,"column":20},"end":{"line":34,"column":80}}],"line":34},"8":{"loc":{"start":{"line":34,"column":23},"end":{"line":34,"column":44}},"type":"binary-expr","locations":[{"start":{"line":34,"column":23},"end":{"line":34,"column":31}},{"start":{"line":34,"column":35},"end":{"line":34,"column":44}}],"line":34},"9":{"loc":{"start":{"line":37,"column":20},"end":{"line":37,"column":56}},"type":"if","locations":[{"start":{"line":37,"column":20},"end":{"line":37,"column":56}},{"start":{"line":37,"column":20},"end":{"line":37,"column":56}}],"line":37},"10":{"loc":{"start":{"line":37,"column":23},"end":{"line":37,"column":44}},"type":"binary-expr","locations":[{"start":{"line":37,"column":23},"end":{"line":37,"column":31}},{"start":{"line":37,"column":35},"end":{"line":37,"column":44}}],"line":37},"11":{"loc":{"start":{"line":49,"column":12},"end":{"line":50,"column":27}},"type":"if","locations":[{"start":{"line":49,"column":12},"end":{"line":50,"column":27}},{"start":{"line":49,"column":12},"end":{"line":50,"column":27}}],"line":49},"12":{"loc":{"start":{"line":49,"column":15},"end":{"line":49,"column":34}},"type":"binary-expr","locations":[{"start":{"line":49,"column":15},"end":{"line":49,"column":22}},{"start":{"line":49,"column":26},"end":{"line":49,"column":34}}],"line":49},"13":{"loc":{"start":{"line":84,"column":8},"end":{"line":84,"column":58}},"type":"if","locations":[{"start":{"line":84,"column":8},"end":{"line":84,"column":58}},{"start":{"line":84,"column":8},"end":{"line":84,"column":58}}],"line":84},"14":{"loc":{"start":{"line":84,"column":11},"end":{"line":84,"column":47}},"type":"binary-expr","locations":[{"start":{"line":84,"column":11},"end":{"line":84,"column":24}},{"start":{"line":84,"column":28},"end":{"line":84,"column":47}}],"line":84},"15":{"loc":{"start":{"line":89,"column":33},"end":{"line":89,"column":72}},"type":"cond-expr","locations":[{"start":{"line":89,"column":55},"end":{"line":89,"column":70}},{"start":{"line":89,"column":71},"end":{"line":89,"column":72}}],"line":89},"16":{"loc":{"start":{"line":103,"column":8},"end":{"line":103,"column":58}},"type":"if","locations":[{"start":{"line":103,"column":8},"end":{"line":103,"column":58}},{"start":{"line":103,"column":8},"end":{"line":103,"column":58}}],"line":103},"17":{"loc":{"start":{"line":103,"column":11},"end":{"line":103,"column":47}},"type":"binary-expr","locations":[{"start":{"line":103,"column":11},"end":{"line":103,"column":24}},{"start":{"line":103,"column":28},"end":{"line":103,"column":47}}],"line":103},"18":{"loc":{"start":{"line":109,"column":20},"end":{"line":113,"column":21}},"type":"if","locations":[{"start":{"line":109,"column":20},"end":{"line":113,"column":21}},{"start":{"line":109,"column":20},"end":{"line":113,"column":21}}],"line":109},"19":{"loc":{"start":{"line":133,"column":16},"end":{"line":137,"column":74}},"type":"if","locations":[{"start":{"line":133,"column":16},"end":{"line":137,"column":74}},{"start":{"line":133,"column":16},"end":{"line":137,"column":74}}],"line":133},"20":{"loc":{"start":{"line":135,"column":50},"end":{"line":135,"column":79}},"type":"cond-expr","locations":[{"start":{"line":135,"column":54},"end":{"line":135,"column":65}},{"start":{"line":135,"column":66},"end":{"line":135,"column":79}}],"line":135},"21":{"loc":{"start":{"line":137,"column":43},"end":{"line":137,"column":72}},"type":"cond-expr","locations":[{"start":{"line":137,"column":47},"end":{"line":137,"column":58}},{"start":{"line":137,"column":59},"end":{"line":137,"column":72}}],"line":137},"22":{"loc":{"start":{"line":142,"column":22},"end":{"line":142,"column":34}},"type":"default-arg","locations":[{"start":{"line":142,"column":30},"end":{"line":142,"column":34}}],"line":142},"23":{"loc":{"start":{"line":142,"column":35},"end":{"line":142,"column":61}},"type":"default-arg","locations":[{"start":{"line":142,"column":42},"end":{"line":142,"column":61}}],"line":142},"24":{"loc":{"start":{"line":150,"column":8},"end":{"line":158,"column":9}},"type":"if","locations":[{"start":{"line":150,"column":8},"end":{"line":158,"column":9}},{"start":{"line":150,"column":8},"end":{"line":158,"column":9}}],"line":150},"25":{"loc":{"start":{"line":179,"column":8},"end":{"line":188,"column":9}},"type":"if","locations":[{"start":{"line":179,"column":8},"end":{"line":188,"column":9}},{"start":{"line":179,"column":8},"end":{"line":188,"column":9}}],"line":179},"26":{"loc":{"start":{"line":193,"column":8},"end":{"line":202,"column":9}},"type":"if","locations":[{"start":{"line":193,"column":8},"end":{"line":202,"column":9}},{"start":{"line":193,"column":8},"end":{"line":202,"column":9}}],"line":193},"27":{"loc":{"start":{"line":207,"column":8},"end":{"line":224,"column":9}},"type":"if","locations":[{"start":{"line":207,"column":8},"end":{"line":224,"column":9}},{"start":{"line":207,"column":8},"end":{"line":224,"column":9}}],"line":207},"28":{"loc":{"start":{"line":209,"column":12},"end":{"line":218,"column":13}},"type":"if","locations":[{"start":{"line":209,"column":12},"end":{"line":218,"column":13}},{"start":{"line":209,"column":12},"end":{"line":218,"column":13}}],"line":209},"29":{"loc":{"start":{"line":214,"column":17},"end":{"line":218,"column":13}},"type":"if","locations":[{"start":{"line":214,"column":17},"end":{"line":218,"column":13}},{"start":{"line":214,"column":17},"end":{"line":218,"column":13}}],"line":214},"30":{"loc":{"start":{"line":229,"column":8},"end":{"line":229,"column":51}},"type":"if","locations":[{"start":{"line":229,"column":8},"end":{"line":229,"column":51}},{"start":{"line":229,"column":8},"end":{"line":229,"column":51}}],"line":229},"31":{"loc":{"start":{"line":230,"column":8},"end":{"line":230,"column":51}},"type":"if","locations":[{"start":{"line":230,"column":8},"end":{"line":230,"column":51}},{"start":{"line":230,"column":8},"end":{"line":230,"column":51}}],"line":230},"32":{"loc":{"start":{"line":237,"column":8},"end":{"line":256,"column":9}},"type":"if","locations":[{"start":{"line":237,"column":8},"end":{"line":256,"column":9}},{"start":{"line":237,"column":8},"end":{"line":256,"column":9}}],"line":237},"33":{"loc":{"start":{"line":239,"column":12},"end":{"line":240,"column":68}},"type":"if","locations":[{"start":{"line":239,"column":12},"end":{"line":240,"column":68}},{"start":{"line":239,"column":12},"end":{"line":240,"column":68}}],"line":239},"34":{"loc":{"start":{"line":243,"column":13},"end":{"line":256,"column":9}},"type":"if","locations":[{"start":{"line":243,"column":13},"end":{"line":256,"column":9}},{"start":{"line":243,"column":13},"end":{"line":256,"column":9}}],"line":243},"35":{"loc":{"start":{"line":245,"column":12},"end":{"line":246,"column":67}},"type":"if","locations":[{"start":{"line":245,"column":12},"end":{"line":246,"column":67}},{"start":{"line":245,"column":12},"end":{"line":246,"column":67}}],"line":245},"36":{"loc":{"start":{"line":251,"column":12},"end":{"line":252,"column":60}},"type":"if","locations":[{"start":{"line":251,"column":12},"end":{"line":252,"column":60}},{"start":{"line":251,"column":12},"end":{"line":252,"column":60}}],"line":251},"37":{"loc":{"start":{"line":253,"column":12},"end":{"line":254,"column":59}},"type":"if","locations":[{"start":{"line":253,"column":12},"end":{"line":254,"column":59}},{"start":{"line":253,"column":12},"end":{"line":254,"column":59}}],"line":253}},"s":{"0":1,"1":1,"2":1,"3":1,"4":1,"5":1,"6":1,"7":1,"8":1,"9":1,"10":74,"11":66,"12":8,"13":0,"14":8,"15":0,"16":0,"17":0,"18":8,"19":3,"20":3,"21":3,"22":3,"23":3,"24":0,"25":0,"26":0,"27":0,"28":0,"29":0,"30":0,"31":0,"32":3,"33":0,"34":0,"35":5,"36":1,"37":132,"38":74,"39":74,"40":0,"41":11,"42":11,"43":12,"44":12,"45":6,"46":4,"47":6,"48":6,"49":6,"50":6,"51":17,"52":6,"53":17,"54":17,"55":17,"56":6,"57":1,"58":6,"59":18,"60":2,"61":0,"62":2,"63":2,"64":2,"65":2,"66":5,"67":2,"68":2,"69":2,"70":1,"71":2,"72":6,"73":8,"74":8,"75":8,"76":1,"77":2,"78":2,"79":2,"80":2,"81":0,"82":0,"83":126,"84":126,"85":126,"86":126,"87":126,"88":126,"89":126,"90":51,"91":51,"92":35,"93":17,"94":126,"95":4,"96":4,"97":1,"98":109,"99":108,"100":108,"101":108,"102":54,"103":54,"104":108,"105":17,"106":17,"107":17,"108":17,"109":5,"110":5,"111":17,"112":74,"113":74,"114":74,"115":74,"116":0,"117":0,"118":0,"119":0,"120":0,"121":74,"122":3,"123":74,"124":1,"125":74,"126":74,"127":74,"128":0,"129":74,"130":7,"131":7,"132":7,"133":0,"134":0,"135":7,"136":67,"137":8,"138":8,"139":8,"140":0,"141":0,"142":8,"143":59,"144":59,"145":0,"146":59,"147":58,"148":1,"149":59,"150":74,"151":3,"152":3,"153":3,"154":3,"155":3,"156":3,"157":0,"158":0,"159":1,"160":1,"161":1,"162":1},"f":{"0":74,"1":0,"2":0,"3":0,"4":132,"5":74,"6":11,"7":11,"8":12,"9":12,"10":6,"11":6,"12":17,"13":17,"14":1,"15":2,"16":2,"17":5,"18":1,"19":8,"20":8,"21":8,"22":1,"23":2,"24":2,"25":2,"26":0,"27":126,"28":35,"29":17,"30":4,"31":4,"32":1,"33":109,"34":54,"35":17,"36":5,"37":74,"38":74,"39":74,"40":0,"41":7,"42":0,"43":8,"44":0,"45":3,"46":3,"47":3,"48":3,"49":3,"50":3,"51":0,"52":0},"b":{"0":[66,8],"1":[0,8],"2":[0,8],"3":[3,5],"4":[8,8,8,5],"5":[0,3],"6":[3,0,0],"7":[0,0],"8":[0,0],"9":[0,0],"10":[0,0],"11":[0,0],"12":[0,0],"13":[4,2],"14":[6,4],"15":[5,12],"16":[0,2],"17":[2,0],"18":[2,3],"19":[2,0],"20":[1,1],"21":[0,0],"22":[126],"23":[126],"24":[51,75],"25":[108,1],"26":[17,0],"27":[74,0],"28":[74,0],"29":[0,0],"30":[3,71],"31":[1,73],"32":[7,67],"33":[7,0],"34":[8,59],"35":[8,0],"36":[59,0],"37":[58,1]},"_coverageSchema":"43e27e138ebf9cfc5966b082cf9a028302ed4184","hash":"029918873cd4a1aba1bfd61d8ac3bfc9eb47a8f8"}
}
