{"/Users/kavitapatkar/ArchanPatkar/Projects/Vachan/src/vachan.js": {"path":"/Users/kavitapatkar/ArchanPatkar/Projects/Vachan/src/vachan.js","statementMap":{"0":{"start":{"line":1,"column":15},"end":{"line":1,"column":17}},"1":{"start":{"line":2,"column":0},"end":{"line":2,"column":35}},"2":{"start":{"line":3,"column":0},"end":{"line":3,"column":39}},"3":{"start":{"line":4,"column":0},"end":{"line":4,"column":37}},"4":{"start":{"line":5,"column":0},"end":{"line":5,"column":31}},"5":{"start":{"line":6,"column":0},"end":{"line":6,"column":31}},"6":{"start":{"line":7,"column":0},"end":{"line":7,"column":29}},"7":{"start":{"line":8,"column":0},"end":{"line":8,"column":35}},"8":{"start":{"line":9,"column":0},"end":{"line":9,"column":40}},"9":{"start":{"line":11,"column":17},"end":{"line":11,"column":19}},"10":{"start":{"line":12,"column":0},"end":{"line":12,"column":48}},"11":{"start":{"line":12,"column":32},"end":{"line":12,"column":47}},"12":{"start":{"line":13,"column":0},"end":{"line":13,"column":52}},"13":{"start":{"line":13,"column":32},"end":{"line":13,"column":51}},"14":{"start":{"line":14,"column":0},"end":{"line":14,"column":35}},"15":{"start":{"line":14,"column":31},"end":{"line":14,"column":34}},"16":{"start":{"line":16,"column":19},"end":{"line":62,"column":1}},"17":{"start":{"line":17,"column":4},"end":{"line":61,"column":5}},"18":{"start":{"line":17,"column":22},"end":{"line":17,"column":45}},"19":{"start":{"line":18,"column":9},"end":{"line":61,"column":5}},"20":{"start":{"line":18,"column":34},"end":{"line":18,"column":101}},"21":{"start":{"line":19,"column":9},"end":{"line":61,"column":5}},"22":{"start":{"line":21,"column":8},"end":{"line":21,"column":64}},"23":{"start":{"line":21,"column":24},"end":{"line":21,"column":47}},"24":{"start":{"line":22,"column":8},"end":{"line":22,"column":56}},"25":{"start":{"line":24,"column":9},"end":{"line":61,"column":5}},"26":{"start":{"line":31,"column":22},"end":{"line":31,"column":27}},"27":{"start":{"line":32,"column":23},"end":{"line":32,"column":28}},"28":{"start":{"line":33,"column":8},"end":{"line":56,"column":9}},"29":{"start":{"line":35,"column":23},"end":{"line":35,"column":36}},"30":{"start":{"line":36,"column":12},"end":{"line":50,"column":13}},"31":{"start":{"line":38,"column":16},"end":{"line":44,"column":19}},"32":{"start":{"line":39,"column":20},"end":{"line":39,"column":70}},"33":{"start":{"line":39,"column":46},"end":{"line":39,"column":70}},"34":{"start":{"line":40,"column":20},"end":{"line":40,"column":35}},"35":{"start":{"line":42,"column":20},"end":{"line":42,"column":64}},"36":{"start":{"line":42,"column":46},"end":{"line":42,"column":64}},"37":{"start":{"line":43,"column":20},"end":{"line":43,"column":36}},"38":{"start":{"line":45,"column":16},"end":{"line":45,"column":64}},"39":{"start":{"line":49,"column":16},"end":{"line":49,"column":39}},"40":{"start":{"line":54,"column":12},"end":{"line":55,"column":35}},"41":{"start":{"line":55,"column":17},"end":{"line":55,"column":35}},"42":{"start":{"line":60,"column":8},"end":{"line":60,"column":31}},"43":{"start":{"line":64,"column":14},"end":{"line":74,"column":1}},"44":{"start":{"line":64,"column":29},"end":{"line":74,"column":1}},"45":{"start":{"line":65,"column":4},"end":{"line":72,"column":5}},"46":{"start":{"line":67,"column":8},"end":{"line":67,"column":35}},"47":{"start":{"line":71,"column":8},"end":{"line":71,"column":26}},"48":{"start":{"line":73,"column":4},"end":{"line":73,"column":93}},"49":{"start":{"line":80,"column":8},"end":{"line":80,"column":46}},"50":{"start":{"line":80,"column":34},"end":{"line":80,"column":44}},"51":{"start":{"line":85,"column":8},"end":{"line":85,"column":52}},"52":{"start":{"line":85,"column":41},"end":{"line":85,"column":50}},"53":{"start":{"line":90,"column":8},"end":{"line":90,"column":58}},"54":{"start":{"line":90,"column":49},"end":{"line":90,"column":58}},"55":{"start":{"line":91,"column":8},"end":{"line":100,"column":10}},"56":{"start":{"line":93,"column":32},"end":{"line":93,"column":33}},"57":{"start":{"line":94,"column":29},"end":{"line":94,"column":31}},"58":{"start":{"line":95,"column":28},"end":{"line":95,"column":72}},"59":{"start":{"line":95,"column":33},"end":{"line":95,"column":72}},"60":{"start":{"line":96,"column":30},"end":{"line":96,"column":75}},"61":{"start":{"line":96,"column":35},"end":{"line":96,"column":75}},"62":{"start":{"line":97,"column":33},"end":{"line":97,"column":47}},"63":{"start":{"line":97,"column":38},"end":{"line":97,"column":47}},"64":{"start":{"line":98,"column":16},"end":{"line":98,"column":65}},"65":{"start":{"line":98,"column":35},"end":{"line":98,"column":65}},"66":{"start":{"line":105,"column":8},"end":{"line":105,"column":58}},"67":{"start":{"line":105,"column":49},"end":{"line":105,"column":58}},"68":{"start":{"line":106,"column":8},"end":{"line":113,"column":10}},"69":{"start":{"line":108,"column":27},"end":{"line":108,"column":32}},"70":{"start":{"line":109,"column":30},"end":{"line":109,"column":66}},"71":{"start":{"line":109,"column":35},"end":{"line":109,"column":66}},"72":{"start":{"line":110,"column":33},"end":{"line":110,"column":47}},"73":{"start":{"line":110,"column":38},"end":{"line":110,"column":47}},"74":{"start":{"line":111,"column":16},"end":{"line":111,"column":65}},"75":{"start":{"line":111,"column":35},"end":{"line":111,"column":65}},"76":{"start":{"line":118,"column":8},"end":{"line":118,"column":58}},"77":{"start":{"line":118,"column":49},"end":{"line":118,"column":58}},"78":{"start":{"line":119,"column":8},"end":{"line":129,"column":9}},"79":{"start":{"line":121,"column":31},"end":{"line":121,"column":32}},"80":{"start":{"line":122,"column":27},"end":{"line":122,"column":32}},"81":{"start":{"line":123,"column":29},"end":{"line":123,"column":31}},"82":{"start":{"line":124,"column":28},"end":{"line":124,"column":70}},"83":{"start":{"line":124,"column":33},"end":{"line":124,"column":70}},"84":{"start":{"line":125,"column":30},"end":{"line":125,"column":68}},"85":{"start":{"line":125,"column":35},"end":{"line":125,"column":68}},"86":{"start":{"line":126,"column":33},"end":{"line":126,"column":77}},"87":{"start":{"line":126,"column":38},"end":{"line":126,"column":77}},"88":{"start":{"line":127,"column":16},"end":{"line":127,"column":65}},"89":{"start":{"line":127,"column":35},"end":{"line":127,"column":65}},"90":{"start":{"line":134,"column":8},"end":{"line":134,"column":58}},"91":{"start":{"line":134,"column":49},"end":{"line":134,"column":58}},"92":{"start":{"line":135,"column":8},"end":{"line":141,"column":10}},"93":{"start":{"line":137,"column":30},"end":{"line":137,"column":31}},"94":{"start":{"line":138,"column":30},"end":{"line":138,"column":81}},"95":{"start":{"line":138,"column":35},"end":{"line":138,"column":81}},"96":{"start":{"line":139,"column":16},"end":{"line":139,"column":62}},"97":{"start":{"line":139,"column":35},"end":{"line":139,"column":62}},"98":{"start":{"line":146,"column":8},"end":{"line":146,"column":69}},"99":{"start":{"line":146,"column":34},"end":{"line":146,"column":67}},"100":{"start":{"line":146,"column":49},"end":{"line":146,"column":63}},"101":{"start":{"line":151,"column":8},"end":{"line":159,"column":9}},"102":{"start":{"line":152,"column":12},"end":{"line":158,"column":15}},"103":{"start":{"line":153,"column":16},"end":{"line":157,"column":74}},"104":{"start":{"line":155,"column":20},"end":{"line":155,"column":81}},"105":{"start":{"line":155,"column":50},"end":{"line":155,"column":79}},"106":{"start":{"line":157,"column":21},"end":{"line":157,"column":74}},"107":{"start":{"line":157,"column":43},"end":{"line":157,"column":72}},"108":{"start":{"line":164,"column":8},"end":{"line":164,"column":174}},"109":{"start":{"line":165,"column":8},"end":{"line":165,"column":36}},"110":{"start":{"line":166,"column":8},"end":{"line":166,"column":31}},"111":{"start":{"line":167,"column":8},"end":{"line":167,"column":34}},"112":{"start":{"line":168,"column":8},"end":{"line":168,"column":34}},"113":{"start":{"line":169,"column":8},"end":{"line":177,"column":9}},"114":{"start":{"line":171,"column":12},"end":{"line":171,"column":37}},"115":{"start":{"line":172,"column":12},"end":{"line":176,"column":14}},"116":{"start":{"line":173,"column":21},"end":{"line":173,"column":36}},"117":{"start":{"line":174,"column":21},"end":{"line":174,"column":35}},"118":{"start":{"line":178,"column":8},"end":{"line":178,"column":73}},"119":{"start":{"line":183,"column":8},"end":{"line":183,"column":47}},"120":{"start":{"line":188,"column":8},"end":{"line":188,"column":46}},"121":{"start":{"line":193,"column":8},"end":{"line":193,"column":45}},"122":{"start":{"line":198,"column":8},"end":{"line":207,"column":9}},"123":{"start":{"line":200,"column":12},"end":{"line":200,"column":42}},"124":{"start":{"line":201,"column":12},"end":{"line":201,"column":27}},"125":{"start":{"line":202,"column":12},"end":{"line":205,"column":13}},"126":{"start":{"line":204,"column":16},"end":{"line":204,"column":49}},"127":{"start":{"line":204,"column":37},"end":{"line":204,"column":47}},"128":{"start":{"line":206,"column":12},"end":{"line":206,"column":79}},"129":{"start":{"line":212,"column":8},"end":{"line":221,"column":9}},"130":{"start":{"line":214,"column":12},"end":{"line":214,"column":41}},"131":{"start":{"line":215,"column":12},"end":{"line":215,"column":27}},"132":{"start":{"line":216,"column":12},"end":{"line":219,"column":13}},"133":{"start":{"line":218,"column":16},"end":{"line":218,"column":49}},"134":{"start":{"line":218,"column":37},"end":{"line":218,"column":47}},"135":{"start":{"line":220,"column":12},"end":{"line":220,"column":78}},"136":{"start":{"line":226,"column":8},"end":{"line":226,"column":174}},"137":{"start":{"line":227,"column":8},"end":{"line":227,"column":20}},"138":{"start":{"line":232,"column":8},"end":{"line":232,"column":68}},"139":{"start":{"line":233,"column":8},"end":{"line":233,"column":111}},"140":{"start":{"line":238,"column":8},"end":{"line":238,"column":51}},"141":{"start":{"line":238,"column":37},"end":{"line":238,"column":51}},"142":{"start":{"line":239,"column":8},"end":{"line":239,"column":51}},"143":{"start":{"line":239,"column":37},"end":{"line":239,"column":51}},"144":{"start":{"line":240,"column":25},"end":{"line":240,"column":32}},"145":{"start":{"line":241,"column":24},"end":{"line":245,"column":9}},"146":{"start":{"line":242,"column":25},"end":{"line":242,"column":44}},"147":{"start":{"line":243,"column":24},"end":{"line":243,"column":42}},"148":{"start":{"line":246,"column":8},"end":{"line":265,"column":9}},"149":{"start":{"line":248,"column":12},"end":{"line":249,"column":68}},"150":{"start":{"line":248,"column":18},"end":{"line":248,"column":71}},"151":{"start":{"line":248,"column":39},"end":{"line":248,"column":69}},"152":{"start":{"line":249,"column":17},"end":{"line":249,"column":68}},"153":{"start":{"line":249,"column":38},"end":{"line":249,"column":66}},"154":{"start":{"line":250,"column":12},"end":{"line":250,"column":111}},"155":{"start":{"line":252,"column":13},"end":{"line":265,"column":9}},"156":{"start":{"line":254,"column":12},"end":{"line":255,"column":67}},"157":{"start":{"line":254,"column":18},"end":{"line":254,"column":71}},"158":{"start":{"line":254,"column":39},"end":{"line":254,"column":69}},"159":{"start":{"line":255,"column":17},"end":{"line":255,"column":67}},"160":{"start":{"line":255,"column":38},"end":{"line":255,"column":65}},"161":{"start":{"line":256,"column":12},"end":{"line":256,"column":111}},"162":{"start":{"line":260,"column":12},"end":{"line":261,"column":60}},"163":{"start":{"line":260,"column":18},"end":{"line":260,"column":64}},"164":{"start":{"line":261,"column":17},"end":{"line":261,"column":60}},"165":{"start":{"line":262,"column":12},"end":{"line":263,"column":59}},"166":{"start":{"line":262,"column":18},"end":{"line":262,"column":64}},"167":{"start":{"line":263,"column":17},"end":{"line":263,"column":59}},"168":{"start":{"line":264,"column":12},"end":{"line":264,"column":97}},"169":{"start":{"line":266,"column":8},"end":{"line":266,"column":24}},"170":{"start":{"line":271,"column":8},"end":{"line":271,"column":38}},"171":{"start":{"line":276,"column":8},"end":{"line":276,"column":30}},"172":{"start":{"line":281,"column":8},"end":{"line":288,"column":10}},"173":{"start":{"line":283,"column":16},"end":{"line":286,"column":18}},"174":{"start":{"line":284,"column":25},"end":{"line":284,"column":54}},"175":{"start":{"line":284,"column":40},"end":{"line":284,"column":50}},"176":{"start":{"line":285,"column":25},"end":{"line":285,"column":53}},"177":{"start":{"line":285,"column":40},"end":{"line":285,"column":49}},"178":{"start":{"line":292,"column":0},"end":{"line":292,"column":13}},"179":{"start":{"line":293,"column":0},"end":{"line":293,"column":28}},"180":{"start":{"line":294,"column":0},"end":{"line":294,"column":36}},"181":{"start":{"line":295,"column":0},"end":{"line":295,"column":36}}},"fnMap":{"0":{"name":"(anonymous_0)","decl":{"start":{"line":12,"column":27},"end":{"line":12,"column":28}},"loc":{"start":{"line":12,"column":32},"end":{"line":12,"column":47}},"line":12},"1":{"name":"(anonymous_1)","decl":{"start":{"line":13,"column":27},"end":{"line":13,"column":28}},"loc":{"start":{"line":13,"column":32},"end":{"line":13,"column":51}},"line":13},"2":{"name":"(anonymous_2)","decl":{"start":{"line":14,"column":26},"end":{"line":14,"column":27}},"loc":{"start":{"line":14,"column":31},"end":{"line":14,"column":34}},"line":14},"3":{"name":"(anonymous_3)","decl":{"start":{"line":16,"column":19},"end":{"line":16,"column":20}},"loc":{"start":{"line":16,"column":38},"end":{"line":62,"column":1}},"line":16},"4":{"name":"(anonymous_4)","decl":{"start":{"line":21,"column":19},"end":{"line":21,"column":20}},"loc":{"start":{"line":21,"column":24},"end":{"line":21,"column":47}},"line":21},"5":{"name":"(anonymous_5)","decl":{"start":{"line":38,"column":32},"end":{"line":38,"column":33}},"loc":{"start":{"line":38,"column":37},"end":{"line":41,"column":17}},"line":38},"6":{"name":"(anonymous_6)","decl":{"start":{"line":41,"column":18},"end":{"line":41,"column":19}},"loc":{"start":{"line":41,"column":23},"end":{"line":44,"column":17}},"line":41},"7":{"name":"(anonymous_7)","decl":{"start":{"line":64,"column":14},"end":{"line":64,"column":15}},"loc":{"start":{"line":64,"column":29},"end":{"line":74,"column":1}},"line":64},"8":{"name":"(anonymous_8)","decl":{"start":{"line":64,"column":29},"end":{"line":64,"column":30}},"loc":{"start":{"line":64,"column":36},"end":{"line":74,"column":1}},"line":64},"9":{"name":"(anonymous_9)","decl":{"start":{"line":78,"column":4},"end":{"line":78,"column":5}},"loc":{"start":{"line":79,"column":4},"end":{"line":81,"column":5}},"line":79},"10":{"name":"(anonymous_10)","decl":{"start":{"line":80,"column":21},"end":{"line":80,"column":22}},"loc":{"start":{"line":80,"column":34},"end":{"line":80,"column":44}},"line":80},"11":{"name":"(anonymous_11)","decl":{"start":{"line":83,"column":4},"end":{"line":83,"column":5}},"loc":{"start":{"line":84,"column":4},"end":{"line":86,"column":5}},"line":84},"12":{"name":"(anonymous_12)","decl":{"start":{"line":85,"column":21},"end":{"line":85,"column":22}},"loc":{"start":{"line":85,"column":41},"end":{"line":85,"column":50}},"line":85},"13":{"name":"(anonymous_13)","decl":{"start":{"line":88,"column":4},"end":{"line":88,"column":5}},"loc":{"start":{"line":89,"column":4},"end":{"line":101,"column":5}},"line":89},"14":{"name":"(anonymous_14)","decl":{"start":{"line":92,"column":12},"end":{"line":92,"column":13}},"loc":{"start":{"line":92,"column":32},"end":{"line":99,"column":13}},"line":92},"15":{"name":"(anonymous_15)","decl":{"start":{"line":95,"column":28},"end":{"line":95,"column":29}},"loc":{"start":{"line":95,"column":33},"end":{"line":95,"column":72}},"line":95},"16":{"name":"(anonymous_16)","decl":{"start":{"line":96,"column":30},"end":{"line":96,"column":31}},"loc":{"start":{"line":96,"column":35},"end":{"line":96,"column":75}},"line":96},"17":{"name":"(anonymous_17)","decl":{"start":{"line":97,"column":33},"end":{"line":97,"column":34}},"loc":{"start":{"line":97,"column":38},"end":{"line":97,"column":47}},"line":97},"18":{"name":"(anonymous_18)","decl":{"start":{"line":103,"column":4},"end":{"line":103,"column":5}},"loc":{"start":{"line":104,"column":4},"end":{"line":114,"column":5}},"line":104},"19":{"name":"(anonymous_19)","decl":{"start":{"line":107,"column":12},"end":{"line":107,"column":13}},"loc":{"start":{"line":107,"column":32},"end":{"line":112,"column":13}},"line":107},"20":{"name":"(anonymous_20)","decl":{"start":{"line":109,"column":30},"end":{"line":109,"column":31}},"loc":{"start":{"line":109,"column":35},"end":{"line":109,"column":66}},"line":109},"21":{"name":"(anonymous_21)","decl":{"start":{"line":110,"column":33},"end":{"line":110,"column":34}},"loc":{"start":{"line":110,"column":38},"end":{"line":110,"column":47}},"line":110},"22":{"name":"(anonymous_22)","decl":{"start":{"line":116,"column":4},"end":{"line":116,"column":5}},"loc":{"start":{"line":117,"column":4},"end":{"line":130,"column":5}},"line":117},"23":{"name":"(anonymous_23)","decl":{"start":{"line":120,"column":12},"end":{"line":120,"column":13}},"loc":{"start":{"line":120,"column":32},"end":{"line":128,"column":13}},"line":120},"24":{"name":"(anonymous_24)","decl":{"start":{"line":124,"column":28},"end":{"line":124,"column":29}},"loc":{"start":{"line":124,"column":33},"end":{"line":124,"column":70}},"line":124},"25":{"name":"(anonymous_25)","decl":{"start":{"line":125,"column":30},"end":{"line":125,"column":31}},"loc":{"start":{"line":125,"column":35},"end":{"line":125,"column":68}},"line":125},"26":{"name":"(anonymous_26)","decl":{"start":{"line":126,"column":33},"end":{"line":126,"column":34}},"loc":{"start":{"line":126,"column":38},"end":{"line":126,"column":77}},"line":126},"27":{"name":"(anonymous_27)","decl":{"start":{"line":132,"column":4},"end":{"line":132,"column":5}},"loc":{"start":{"line":133,"column":4},"end":{"line":142,"column":5}},"line":133},"28":{"name":"(anonymous_28)","decl":{"start":{"line":136,"column":12},"end":{"line":136,"column":13}},"loc":{"start":{"line":136,"column":32},"end":{"line":140,"column":13}},"line":136},"29":{"name":"(anonymous_29)","decl":{"start":{"line":138,"column":30},"end":{"line":138,"column":31}},"loc":{"start":{"line":138,"column":35},"end":{"line":138,"column":81}},"line":138},"30":{"name":"(anonymous_30)","decl":{"start":{"line":144,"column":4},"end":{"line":144,"column":5}},"loc":{"start":{"line":145,"column":4},"end":{"line":147,"column":5}},"line":145},"31":{"name":"(anonymous_31)","decl":{"start":{"line":146,"column":21},"end":{"line":146,"column":22}},"loc":{"start":{"line":146,"column":34},"end":{"line":146,"column":67}},"line":146},"32":{"name":"(anonymous_32)","decl":{"start":{"line":146,"column":45},"end":{"line":146,"column":46}},"loc":{"start":{"line":146,"column":49},"end":{"line":146,"column":63}},"line":146},"33":{"name":"(anonymous_33)","decl":{"start":{"line":149,"column":4},"end":{"line":149,"column":5}},"loc":{"start":{"line":150,"column":4},"end":{"line":160,"column":5}},"line":150},"34":{"name":"(anonymous_34)","decl":{"start":{"line":151,"column":15},"end":{"line":151,"column":16}},"loc":{"start":{"line":151,"column":28},"end":{"line":159,"column":9}},"line":151},"35":{"name":"(anonymous_35)","decl":{"start":{"line":152,"column":25},"end":{"line":152,"column":26}},"loc":{"start":{"line":152,"column":45},"end":{"line":158,"column":13}},"line":152},"36":{"name":"(anonymous_36)","decl":{"start":{"line":155,"column":36},"end":{"line":155,"column":37}},"loc":{"start":{"line":155,"column":50},"end":{"line":155,"column":79}},"line":155},"37":{"name":"(anonymous_37)","decl":{"start":{"line":157,"column":29},"end":{"line":157,"column":30}},"loc":{"start":{"line":157,"column":43},"end":{"line":157,"column":72}},"line":157},"38":{"name":"(anonymous_38)","decl":{"start":{"line":162,"column":4},"end":{"line":162,"column":5}},"loc":{"start":{"line":163,"column":4},"end":{"line":179,"column":5}},"line":163},"39":{"name":"(anonymous_39)","decl":{"start":{"line":173,"column":16},"end":{"line":173,"column":17}},"loc":{"start":{"line":173,"column":21},"end":{"line":173,"column":36}},"line":173},"40":{"name":"(anonymous_40)","decl":{"start":{"line":174,"column":16},"end":{"line":174,"column":17}},"loc":{"start":{"line":174,"column":21},"end":{"line":174,"column":35}},"line":174},"41":{"name":"(anonymous_41)","decl":{"start":{"line":181,"column":4},"end":{"line":181,"column":5}},"loc":{"start":{"line":182,"column":4},"end":{"line":184,"column":5}},"line":182},"42":{"name":"(anonymous_42)","decl":{"start":{"line":186,"column":4},"end":{"line":186,"column":5}},"loc":{"start":{"line":187,"column":4},"end":{"line":189,"column":5}},"line":187},"43":{"name":"(anonymous_43)","decl":{"start":{"line":191,"column":4},"end":{"line":191,"column":5}},"loc":{"start":{"line":192,"column":4},"end":{"line":194,"column":5}},"line":192},"44":{"name":"(anonymous_44)","decl":{"start":{"line":196,"column":4},"end":{"line":196,"column":5}},"loc":{"start":{"line":197,"column":4},"end":{"line":208,"column":5}},"line":197},"45":{"name":"(anonymous_45)","decl":{"start":{"line":204,"column":31},"end":{"line":204,"column":32}},"loc":{"start":{"line":204,"column":37},"end":{"line":204,"column":47}},"line":204},"46":{"name":"(anonymous_46)","decl":{"start":{"line":210,"column":4},"end":{"line":210,"column":5}},"loc":{"start":{"line":211,"column":4},"end":{"line":222,"column":5}},"line":211},"47":{"name":"(anonymous_47)","decl":{"start":{"line":218,"column":31},"end":{"line":218,"column":32}},"loc":{"start":{"line":218,"column":37},"end":{"line":218,"column":47}},"line":218},"48":{"name":"(anonymous_48)","decl":{"start":{"line":224,"column":4},"end":{"line":224,"column":5}},"loc":{"start":{"line":225,"column":4},"end":{"line":228,"column":5}},"line":225},"49":{"name":"(anonymous_49)","decl":{"start":{"line":230,"column":4},"end":{"line":230,"column":5}},"loc":{"start":{"line":231,"column":4},"end":{"line":234,"column":5}},"line":231},"50":{"name":"(anonymous_50)","decl":{"start":{"line":236,"column":4},"end":{"line":236,"column":5}},"loc":{"start":{"line":237,"column":4},"end":{"line":267,"column":5}},"line":237},"51":{"name":"(anonymous_51)","decl":{"start":{"line":242,"column":20},"end":{"line":242,"column":21}},"loc":{"start":{"line":242,"column":25},"end":{"line":242,"column":44}},"line":242},"52":{"name":"(anonymous_52)","decl":{"start":{"line":243,"column":19},"end":{"line":243,"column":20}},"loc":{"start":{"line":243,"column":24},"end":{"line":243,"column":42}},"line":243},"53":{"name":"(anonymous_53)","decl":{"start":{"line":248,"column":33},"end":{"line":248,"column":34}},"loc":{"start":{"line":248,"column":39},"end":{"line":248,"column":69}},"line":248},"54":{"name":"(anonymous_54)","decl":{"start":{"line":249,"column":32},"end":{"line":249,"column":33}},"loc":{"start":{"line":249,"column":38},"end":{"line":249,"column":66}},"line":249},"55":{"name":"(anonymous_55)","decl":{"start":{"line":254,"column":33},"end":{"line":254,"column":34}},"loc":{"start":{"line":254,"column":39},"end":{"line":254,"column":69}},"line":254},"56":{"name":"(anonymous_56)","decl":{"start":{"line":255,"column":32},"end":{"line":255,"column":33}},"loc":{"start":{"line":255,"column":38},"end":{"line":255,"column":65}},"line":255},"57":{"name":"(anonymous_57)","decl":{"start":{"line":269,"column":4},"end":{"line":269,"column":5}},"loc":{"start":{"line":270,"column":4},"end":{"line":272,"column":5}},"line":270},"58":{"name":"(anonymous_58)","decl":{"start":{"line":274,"column":4},"end":{"line":274,"column":5}},"loc":{"start":{"line":275,"column":4},"end":{"line":277,"column":5}},"line":275},"59":{"name":"(anonymous_59)","decl":{"start":{"line":279,"column":4},"end":{"line":279,"column":5}},"loc":{"start":{"line":280,"column":4},"end":{"line":289,"column":5}},"line":280},"60":{"name":"(anonymous_60)","decl":{"start":{"line":282,"column":12},"end":{"line":282,"column":13}},"loc":{"start":{"line":282,"column":32},"end":{"line":287,"column":13}},"line":282},"61":{"name":"(anonymous_61)","decl":{"start":{"line":284,"column":20},"end":{"line":284,"column":21}},"loc":{"start":{"line":284,"column":25},"end":{"line":284,"column":54}},"line":284},"62":{"name":"(anonymous_62)","decl":{"start":{"line":284,"column":36},"end":{"line":284,"column":37}},"loc":{"start":{"line":284,"column":40},"end":{"line":284,"column":50}},"line":284},"63":{"name":"(anonymous_63)","decl":{"start":{"line":285,"column":20},"end":{"line":285,"column":21}},"loc":{"start":{"line":285,"column":25},"end":{"line":285,"column":53}},"line":285},"64":{"name":"(anonymous_64)","decl":{"start":{"line":285,"column":36},"end":{"line":285,"column":37}},"loc":{"start":{"line":285,"column":40},"end":{"line":285,"column":49}},"line":285}},"branchMap":{"0":{"loc":{"start":{"line":17,"column":4},"end":{"line":61,"column":5}},"type":"if","locations":[{"start":{"line":17,"column":4},"end":{"line":61,"column":5}},{"start":{"line":17,"column":4},"end":{"line":61,"column":5}}],"line":17},"1":{"loc":{"start":{"line":18,"column":9},"end":{"line":61,"column":5}},"type":"if","locations":[{"start":{"line":18,"column":9},"end":{"line":61,"column":5}},{"start":{"line":18,"column":9},"end":{"line":61,"column":5}}],"line":18},"2":{"loc":{"start":{"line":19,"column":9},"end":{"line":61,"column":5}},"type":"if","locations":[{"start":{"line":19,"column":9},"end":{"line":61,"column":5}},{"start":{"line":19,"column":9},"end":{"line":61,"column":5}}],"line":19},"3":{"loc":{"start":{"line":24,"column":9},"end":{"line":61,"column":5}},"type":"if","locations":[{"start":{"line":24,"column":9},"end":{"line":61,"column":5}},{"start":{"line":24,"column":9},"end":{"line":61,"column":5}}],"line":24},"4":{"loc":{"start":{"line":25,"column":12},"end":{"line":28,"column":40}},"type":"binary-expr","locations":[{"start":{"line":25,"column":12},"end":{"line":25,"column":35}},{"start":{"line":26,"column":12},"end":{"line":26,"column":37}},{"start":{"line":27,"column":12},"end":{"line":27,"column":38}},{"start":{"line":28,"column":12},"end":{"line":28,"column":40}}],"line":25},"5":{"loc":{"start":{"line":36,"column":12},"end":{"line":50,"column":13}},"type":"if","locations":[{"start":{"line":36,"column":12},"end":{"line":50,"column":13}},{"start":{"line":36,"column":12},"end":{"line":50,"column":13}}],"line":36},"6":{"loc":{"start":{"line":36,"column":15},"end":{"line":36,"column":93}},"type":"binary-expr","locations":[{"start":{"line":36,"column":15},"end":{"line":36,"column":33}},{"start":{"line":36,"column":38},"end":{"line":36,"column":62}},{"start":{"line":36,"column":66},"end":{"line":36,"column":92}}],"line":36},"7":{"loc":{"start":{"line":39,"column":20},"end":{"line":39,"column":70}},"type":"if","locations":[{"start":{"line":39,"column":20},"end":{"line":39,"column":70}},{"start":{"line":39,"column":20},"end":{"line":39,"column":70}}],"line":39},"8":{"loc":{"start":{"line":39,"column":23},"end":{"line":39,"column":44}},"type":"binary-expr","locations":[{"start":{"line":39,"column":23},"end":{"line":39,"column":31}},{"start":{"line":39,"column":35},"end":{"line":39,"column":44}}],"line":39},"9":{"loc":{"start":{"line":42,"column":20},"end":{"line":42,"column":64}},"type":"if","locations":[{"start":{"line":42,"column":20},"end":{"line":42,"column":64}},{"start":{"line":42,"column":20},"end":{"line":42,"column":64}}],"line":42},"10":{"loc":{"start":{"line":42,"column":23},"end":{"line":42,"column":44}},"type":"binary-expr","locations":[{"start":{"line":42,"column":23},"end":{"line":42,"column":31}},{"start":{"line":42,"column":35},"end":{"line":42,"column":44}}],"line":42},"11":{"loc":{"start":{"line":54,"column":12},"end":{"line":55,"column":35}},"type":"if","locations":[{"start":{"line":54,"column":12},"end":{"line":55,"column":35}},{"start":{"line":54,"column":12},"end":{"line":55,"column":35}}],"line":54},"12":{"loc":{"start":{"line":54,"column":15},"end":{"line":54,"column":34}},"type":"binary-expr","locations":[{"start":{"line":54,"column":15},"end":{"line":54,"column":22}},{"start":{"line":54,"column":26},"end":{"line":54,"column":34}}],"line":54},"13":{"loc":{"start":{"line":90,"column":8},"end":{"line":90,"column":58}},"type":"if","locations":[{"start":{"line":90,"column":8},"end":{"line":90,"column":58}},{"start":{"line":90,"column":8},"end":{"line":90,"column":58}}],"line":90},"14":{"loc":{"start":{"line":90,"column":11},"end":{"line":90,"column":47}},"type":"binary-expr","locations":[{"start":{"line":90,"column":11},"end":{"line":90,"column":24}},{"start":{"line":90,"column":28},"end":{"line":90,"column":47}}],"line":90},"15":{"loc":{"start":{"line":95,"column":33},"end":{"line":95,"column":72}},"type":"cond-expr","locations":[{"start":{"line":95,"column":55},"end":{"line":95,"column":70}},{"start":{"line":95,"column":71},"end":{"line":95,"column":72}}],"line":95},"16":{"loc":{"start":{"line":96,"column":35},"end":{"line":96,"column":75}},"type":"binary-expr","locations":[{"start":{"line":96,"column":35},"end":{"line":96,"column":46}},{"start":{"line":96,"column":50},"end":{"line":96,"column":64}},{"start":{"line":96,"column":68},"end":{"line":96,"column":75}}],"line":96},"17":{"loc":{"start":{"line":105,"column":8},"end":{"line":105,"column":58}},"type":"if","locations":[{"start":{"line":105,"column":8},"end":{"line":105,"column":58}},{"start":{"line":105,"column":8},"end":{"line":105,"column":58}}],"line":105},"18":{"loc":{"start":{"line":105,"column":11},"end":{"line":105,"column":47}},"type":"binary-expr","locations":[{"start":{"line":105,"column":11},"end":{"line":105,"column":24}},{"start":{"line":105,"column":28},"end":{"line":105,"column":47}}],"line":105},"19":{"loc":{"start":{"line":109,"column":35},"end":{"line":109,"column":66}},"type":"cond-expr","locations":[{"start":{"line":109,"column":41},"end":{"line":109,"column":64}},{"start":{"line":109,"column":65},"end":{"line":109,"column":66}}],"line":109},"20":{"loc":{"start":{"line":109,"column":48},"end":{"line":109,"column":64}},"type":"binary-expr","locations":[{"start":{"line":109,"column":48},"end":{"line":109,"column":52}},{"start":{"line":109,"column":54},"end":{"line":109,"column":64}}],"line":109},"21":{"loc":{"start":{"line":118,"column":8},"end":{"line":118,"column":58}},"type":"if","locations":[{"start":{"line":118,"column":8},"end":{"line":118,"column":58}},{"start":{"line":118,"column":8},"end":{"line":118,"column":58}}],"line":118},"22":{"loc":{"start":{"line":118,"column":11},"end":{"line":118,"column":47}},"type":"binary-expr","locations":[{"start":{"line":118,"column":11},"end":{"line":118,"column":24}},{"start":{"line":118,"column":28},"end":{"line":118,"column":47}}],"line":118},"23":{"loc":{"start":{"line":124,"column":33},"end":{"line":124,"column":70}},"type":"cond-expr","locations":[{"start":{"line":124,"column":54},"end":{"line":124,"column":68}},{"start":{"line":124,"column":69},"end":{"line":124,"column":70}}],"line":124},"24":{"loc":{"start":{"line":125,"column":35},"end":{"line":125,"column":68}},"type":"cond-expr","locations":[{"start":{"line":125,"column":41},"end":{"line":125,"column":66}},{"start":{"line":125,"column":67},"end":{"line":125,"column":68}}],"line":125},"25":{"loc":{"start":{"line":125,"column":48},"end":{"line":125,"column":66}},"type":"binary-expr","locations":[{"start":{"line":125,"column":48},"end":{"line":125,"column":52}},{"start":{"line":125,"column":56},"end":{"line":125,"column":66}}],"line":125},"26":{"loc":{"start":{"line":126,"column":38},"end":{"line":126,"column":77}},"type":"binary-expr","locations":[{"start":{"line":126,"column":38},"end":{"line":126,"column":48}},{"start":{"line":126,"column":52},"end":{"line":126,"column":66}},{"start":{"line":126,"column":70},"end":{"line":126,"column":77}}],"line":126},"27":{"loc":{"start":{"line":134,"column":8},"end":{"line":134,"column":58}},"type":"if","locations":[{"start":{"line":134,"column":8},"end":{"line":134,"column":58}},{"start":{"line":134,"column":8},"end":{"line":134,"column":58}}],"line":134},"28":{"loc":{"start":{"line":134,"column":11},"end":{"line":134,"column":47}},"type":"binary-expr","locations":[{"start":{"line":134,"column":11},"end":{"line":134,"column":24}},{"start":{"line":134,"column":28},"end":{"line":134,"column":47}}],"line":134},"29":{"loc":{"start":{"line":138,"column":35},"end":{"line":138,"column":81}},"type":"binary-expr","locations":[{"start":{"line":138,"column":35},"end":{"line":138,"column":44}},{"start":{"line":138,"column":49},"end":{"line":138,"column":80}}],"line":138},"30":{"loc":{"start":{"line":138,"column":49},"end":{"line":138,"column":80}},"type":"cond-expr","locations":[{"start":{"line":138,"column":69},"end":{"line":138,"column":78}},{"start":{"line":138,"column":79},"end":{"line":138,"column":80}}],"line":138},"31":{"loc":{"start":{"line":153,"column":16},"end":{"line":157,"column":74}},"type":"if","locations":[{"start":{"line":153,"column":16},"end":{"line":157,"column":74}},{"start":{"line":153,"column":16},"end":{"line":157,"column":74}}],"line":153},"32":{"loc":{"start":{"line":155,"column":50},"end":{"line":155,"column":79}},"type":"cond-expr","locations":[{"start":{"line":155,"column":54},"end":{"line":155,"column":65}},{"start":{"line":155,"column":66},"end":{"line":155,"column":79}}],"line":155},"33":{"loc":{"start":{"line":157,"column":43},"end":{"line":157,"column":72}},"type":"cond-expr","locations":[{"start":{"line":157,"column":47},"end":{"line":157,"column":58}},{"start":{"line":157,"column":59},"end":{"line":157,"column":72}}],"line":157},"34":{"loc":{"start":{"line":162,"column":25},"end":{"line":162,"column":56}},"type":"default-arg","locations":[{"start":{"line":162,"column":37},"end":{"line":162,"column":56}}],"line":162},"35":{"loc":{"start":{"line":164,"column":25},"end":{"line":164,"column":173}},"type":"cond-expr","locations":[{"start":{"line":164,"column":90},"end":{"line":164,"column":119}},{"start":{"line":164,"column":120},"end":{"line":164,"column":173}}],"line":164},"36":{"loc":{"start":{"line":164,"column":25},"end":{"line":164,"column":89}},"type":"binary-expr","locations":[{"start":{"line":164,"column":25},"end":{"line":164,"column":54}},{"start":{"line":164,"column":58},"end":{"line":164,"column":89}}],"line":164},"37":{"loc":{"start":{"line":164,"column":104},"end":{"line":164,"column":119}},"type":"binary-expr","locations":[{"start":{"line":164,"column":104},"end":{"line":164,"column":108}},{"start":{"line":164,"column":110},"end":{"line":164,"column":119}}],"line":164},"38":{"loc":{"start":{"line":164,"column":120},"end":{"line":164,"column":173}},"type":"cond-expr","locations":[{"start":{"line":164,"column":144},"end":{"line":164,"column":153}},{"start":{"line":164,"column":154},"end":{"line":164,"column":173}}],"line":164},"39":{"loc":{"start":{"line":169,"column":8},"end":{"line":177,"column":9}},"type":"if","locations":[{"start":{"line":169,"column":8},"end":{"line":177,"column":9}},{"start":{"line":169,"column":8},"end":{"line":177,"column":9}}],"line":169},"40":{"loc":{"start":{"line":198,"column":8},"end":{"line":207,"column":9}},"type":"if","locations":[{"start":{"line":198,"column":8},"end":{"line":207,"column":9}},{"start":{"line":198,"column":8},"end":{"line":207,"column":9}}],"line":198},"41":{"loc":{"start":{"line":212,"column":8},"end":{"line":221,"column":9}},"type":"if","locations":[{"start":{"line":212,"column":8},"end":{"line":221,"column":9}},{"start":{"line":212,"column":8},"end":{"line":221,"column":9}}],"line":212},"42":{"loc":{"start":{"line":226,"column":25},"end":{"line":226,"column":173}},"type":"cond-expr","locations":[{"start":{"line":226,"column":90},"end":{"line":226,"column":119}},{"start":{"line":226,"column":120},"end":{"line":226,"column":173}}],"line":226},"43":{"loc":{"start":{"line":226,"column":25},"end":{"line":226,"column":89}},"type":"binary-expr","locations":[{"start":{"line":226,"column":25},"end":{"line":226,"column":54}},{"start":{"line":226,"column":58},"end":{"line":226,"column":89}}],"line":226},"44":{"loc":{"start":{"line":226,"column":104},"end":{"line":226,"column":119}},"type":"binary-expr","locations":[{"start":{"line":226,"column":104},"end":{"line":226,"column":108}},{"start":{"line":226,"column":110},"end":{"line":226,"column":119}}],"line":226},"45":{"loc":{"start":{"line":226,"column":120},"end":{"line":226,"column":173}},"type":"cond-expr","locations":[{"start":{"line":226,"column":144},"end":{"line":226,"column":153}},{"start":{"line":226,"column":154},"end":{"line":226,"column":173}}],"line":226},"46":{"loc":{"start":{"line":232,"column":8},"end":{"line":232,"column":67}},"type":"cond-expr","locations":[{"start":{"line":232,"column":20},"end":{"line":232,"column":37}},{"start":{"line":232,"column":38},"end":{"line":232,"column":67}}],"line":232},"47":{"loc":{"start":{"line":238,"column":8},"end":{"line":238,"column":51}},"type":"if","locations":[{"start":{"line":238,"column":8},"end":{"line":238,"column":51}},{"start":{"line":238,"column":8},"end":{"line":238,"column":51}}],"line":238},"48":{"loc":{"start":{"line":239,"column":8},"end":{"line":239,"column":51}},"type":"if","locations":[{"start":{"line":239,"column":8},"end":{"line":239,"column":51}},{"start":{"line":239,"column":8},"end":{"line":239,"column":51}}],"line":239},"49":{"loc":{"start":{"line":246,"column":8},"end":{"line":265,"column":9}},"type":"if","locations":[{"start":{"line":246,"column":8},"end":{"line":265,"column":9}},{"start":{"line":246,"column":8},"end":{"line":265,"column":9}}],"line":246},"50":{"loc":{"start":{"line":248,"column":12},"end":{"line":249,"column":68}},"type":"if","locations":[{"start":{"line":248,"column":12},"end":{"line":249,"column":68}},{"start":{"line":248,"column":12},"end":{"line":249,"column":68}}],"line":248},"51":{"loc":{"start":{"line":252,"column":13},"end":{"line":265,"column":9}},"type":"if","locations":[{"start":{"line":252,"column":13},"end":{"line":265,"column":9}},{"start":{"line":252,"column":13},"end":{"line":265,"column":9}}],"line":252},"52":{"loc":{"start":{"line":254,"column":12},"end":{"line":255,"column":67}},"type":"if","locations":[{"start":{"line":254,"column":12},"end":{"line":255,"column":67}},{"start":{"line":254,"column":12},"end":{"line":255,"column":67}}],"line":254},"53":{"loc":{"start":{"line":260,"column":12},"end":{"line":261,"column":60}},"type":"if","locations":[{"start":{"line":260,"column":12},"end":{"line":261,"column":60}},{"start":{"line":260,"column":12},"end":{"line":261,"column":60}}],"line":260},"54":{"loc":{"start":{"line":262,"column":12},"end":{"line":263,"column":59}},"type":"if","locations":[{"start":{"line":262,"column":12},"end":{"line":263,"column":59}},{"start":{"line":262,"column":12},"end":{"line":263,"column":59}}],"line":262}},"s":{"0":1,"1":1,"2":1,"3":1,"4":1,"5":1,"6":1,"7":1,"8":1,"9":1,"10":1,"11":0,"12":1,"13":90,"14":1,"15":0,"16":1,"17":89,"18":65,"19":24,"20":0,"21":24,"22":0,"23":0,"24":0,"25":24,"26":3,"27":3,"28":3,"29":3,"30":3,"31":0,"32":0,"33":0,"34":0,"35":0,"36":0,"37":0,"38":0,"39":3,"40":0,"41":0,"42":21,"43":1,"44":164,"45":90,"46":90,"47":1,"48":90,"49":11,"50":11,"51":12,"52":12,"53":6,"54":4,"55":6,"56":6,"57":6,"58":6,"59":17,"60":6,"61":17,"62":6,"63":1,"64":6,"65":18,"66":2,"67":0,"68":2,"69":2,"70":2,"71":5,"72":2,"73":1,"74":2,"75":6,"76":2,"77":0,"78":2,"79":2,"80":2,"81":2,"82":2,"83":0,"84":2,"85":5,"86":2,"87":1,"88":2,"89":6,"90":2,"91":0,"92":2,"93":2,"94":2,"95":6,"96":2,"97":6,"98":18,"99":18,"100":18,"101":1,"102":2,"103":2,"104":2,"105":2,"106":0,"107":0,"108":158,"109":158,"110":158,"111":158,"112":158,"113":158,"114":67,"115":67,"116":55,"117":19,"118":158,"119":4,"120":4,"121":1,"122":144,"123":137,"124":137,"125":137,"126":68,"127":68,"128":137,"129":20,"130":20,"131":20,"132":20,"133":7,"134":7,"135":20,"136":0,"137":0,"138":90,"139":90,"140":90,"141":3,"142":90,"143":1,"144":90,"145":90,"146":89,"147":1,"148":90,"149":7,"150":7,"151":7,"152":0,"153":0,"154":7,"155":83,"156":8,"157":8,"158":8,"159":0,"160":0,"161":8,"162":75,"163":75,"164":0,"165":75,"166":74,"167":1,"168":75,"169":90,"170":3,"171":3,"172":3,"173":3,"174":3,"175":3,"176":0,"177":0,"178":1,"179":1,"180":1,"181":1},"f":{"0":0,"1":90,"2":0,"3":89,"4":0,"5":0,"6":0,"7":164,"8":90,"9":11,"10":11,"11":12,"12":12,"13":6,"14":6,"15":17,"16":17,"17":1,"18":2,"19":2,"20":5,"21":1,"22":2,"23":2,"24":0,"25":5,"26":1,"27":2,"28":2,"29":6,"30":18,"31":18,"32":18,"33":1,"34":2,"35":2,"36":2,"37":0,"38":158,"39":55,"40":19,"41":4,"42":4,"43":1,"44":144,"45":68,"46":20,"47":7,"48":0,"49":90,"50":90,"51":89,"52":1,"53":7,"54":0,"55":8,"56":0,"57":3,"58":3,"59":3,"60":3,"61":3,"62":3,"63":0,"64":0},"b":{"0":[65,24],"1":[0,24],"2":[0,24],"3":[3,21],"4":[24,24,24,21],"5":[0,3],"6":[3,0,0],"7":[0,0],"8":[0,0],"9":[0,0],"10":[0,0],"11":[0,0],"12":[0,0],"13":[4,2],"14":[6,4],"15":[5,12],"16":[17,17,17],"17":[0,2],"18":[2,0],"19":[5,0],"20":[5,5],"21":[0,2],"22":[2,0],"23":[0,0],"24":[5,0],"25":[5,5],"26":[1,1,0],"27":[0,2],"28":[2,0],"29":[6,6],"30":[2,4],"31":[2,0],"32":[1,1],"33":[0,0],"34":[158],"35":[0,158],"36":[158,0],"37":[0,0],"38":[158,0],"39":[67,91],"40":[137,7],"41":[20,0],"42":[0,0],"43":[0,0],"44":[0,0],"45":[0,0],"46":[0,90],"47":[3,87],"48":[1,89],"49":[7,83],"50":[7,0],"51":[8,75],"52":[8,0],"53":[75,0],"54":[74,1]},"_coverageSchema":"43e27e138ebf9cfc5966b082cf9a028302ed4184","hash":"542e20651a9b3fe6d1d37fa619a4e431b3aa2b85"}
}
