TN:
SF:/Users/archanpatkar/Projects/Vachan/src/vachan.js
FN:12,(anonymous_0)
FN:13,(anonymous_1)
FN:16,(anonymous_2)
FN:18,(anonymous_3)
FN:23,(anonymous_4)
FN:40,(anonymous_5)
FN:43,(anonymous_6)
FN:65,(anonymous_7)
FN:65,(anonymous_8)
FN:79,(anonymous_9)
FN:81,(anonymous_10)
FN:84,(anonymous_11)
FN:86,(anonymous_12)
FN:89,(anonymous_13)
FN:93,(anonymous_14)
FN:96,(anonymous_15)
FN:97,(anonymous_16)
FN:98,(anonymous_17)
FN:104,(anonymous_18)
FN:108,(anonymous_19)
FN:110,(anonymous_20)
FN:111,(anonymous_21)
FN:117,(anonymous_22)
FN:121,(anonymous_23)
FN:125,(anonymous_24)
FN:126,(anonymous_25)
FN:127,(anonymous_26)
FN:133,(anonymous_27)
FN:137,(anonymous_28)
FN:139,(anonymous_29)
FN:145,(anonymous_30)
FN:147,(anonymous_31)
FN:147,(anonymous_32)
FN:150,(anonymous_33)
FN:152,(anonymous_34)
FN:153,(anonymous_35)
FN:156,(anonymous_36)
FN:158,(anonymous_37)
FN:163,(anonymous_38)
FN:177,(anonymous_39)
FN:178,(anonymous_40)
FN:182,(anonymous_41)
FN:195,(anonymous_42)
FN:200,(anonymous_43)
FN:205,(anonymous_44)
FN:210,(anonymous_45)
FN:218,(anonymous_46)
FN:224,(anonymous_47)
FN:232,(anonymous_48)
FN:238,(anonymous_49)
FN:244,(anonymous_50)
FN:250,(anonymous_51)
FN:256,(anonymous_52)
FN:257,(anonymous_53)
FN:262,(anonymous_54)
FN:263,(anonymous_55)
FN:268,(anonymous_56)
FN:269,(anonymous_57)
FN:283,(anonymous_58)
FN:287,(anonymous_59)
FN:294,(anonymous_60)
FN:299,(anonymous_61)
FN:302,(anonymous_62)
FN:303,(anonymous_63)
FN:307,(anonymous_64)
FN:312,(anonymous_65)
FN:317,(anonymous_66)
FN:320,(anonymous_67)
FN:322,(anonymous_68)
FN:322,(anonymous_69)
FN:323,(anonymous_70)
FN:323,(anonymous_71)
FNF:72
FNH:69
FNDA:34,(anonymous_0)
FNDA:176,(anonymous_1)
FNDA:0,(anonymous_2)
FNDA:329,(anonymous_3)
FNDA:3,(anonymous_4)
FNDA:1,(anonymous_5)
FNDA:1,(anonymous_6)
FNDA:370,(anonymous_7)
FNDA:206,(anonymous_8)
FNDA:28,(anonymous_9)
FNDA:28,(anonymous_10)
FNDA:19,(anonymous_11)
FNDA:19,(anonymous_12)
FNDA:14,(anonymous_13)
FNDA:14,(anonymous_14)
FNDA:51,(anonymous_15)
FNDA:51,(anonymous_16)
FNDA:2,(anonymous_17)
FNDA:4,(anonymous_18)
FNDA:4,(anonymous_19)
FNDA:10,(anonymous_20)
FNDA:2,(anonymous_21)
FNDA:4,(anonymous_22)
FNDA:4,(anonymous_23)
FNDA:0,(anonymous_24)
FNDA:10,(anonymous_25)
FNDA:2,(anonymous_26)
FNDA:4,(anonymous_27)
FNDA:4,(anonymous_28)
FNDA:12,(anonymous_29)
FNDA:36,(anonymous_30)
FNDA:36,(anonymous_31)
FNDA:36,(anonymous_32)
FNDA:1,(anonymous_33)
FNDA:3,(anonymous_34)
FNDA:3,(anonymous_35)
FNDA:3,(anonymous_36)
FNDA:0,(anonymous_37)
FNDA:351,(anonymous_38)
FNDA:118,(anonymous_39)
FNDA:36,(anonymous_40)
FNDA:121,(anonymous_41)
FNDA:4,(anonymous_42)
FNDA:4,(anonymous_43)
FNDA:1,(anonymous_44)
FNDA:323,(anonymous_45)
FNDA:149,(anonymous_46)
FNDA:41,(anonymous_47)
FNDA:19,(anonymous_48)
FNDA:385,(anonymous_49)
FNDA:210,(anonymous_50)
FNDA:210,(anonymous_51)
FNDA:204,(anonymous_52)
FNDA:4,(anonymous_53)
FNDA:24,(anonymous_54)
FNDA:1,(anonymous_55)
FNDA:16,(anonymous_56)
FNDA:1,(anonymous_57)
FNDA:1,(anonymous_58)
FNDA:4,(anonymous_59)
FNDA:2,(anonymous_60)
FNDA:3,(anonymous_61)
FNDA:2,(anonymous_62)
FNDA:1,(anonymous_63)
FNDA:3,(anonymous_64)
FNDA:3,(anonymous_65)
FNDA:9,(anonymous_66)
FNDA:9,(anonymous_67)
FNDA:8,(anonymous_68)
FNDA:8,(anonymous_69)
FNDA:1,(anonymous_70)
FNDA:1,(anonymous_71)
DA:1,1
DA:2,1
DA:3,1
DA:4,1
DA:5,1
DA:6,1
DA:7,1
DA:8,1
DA:9,1
DA:11,1
DA:12,34
DA:13,176
DA:16,1
DA:18,1
DA:19,329
DA:20,187
DA:21,186
DA:23,5
DA:24,5
DA:26,181
DA:33,34
DA:34,34
DA:35,34
DA:37,34
DA:38,34
DA:40,2
DA:41,1
DA:42,1
DA:44,1
DA:45,1
DA:47,2
DA:51,32
DA:56,0
DA:61,147
DA:65,370
DA:66,206
DA:68,206
DA:72,2
DA:74,206
DA:81,28
DA:86,19
DA:91,14
DA:92,14
DA:94,14
DA:95,14
DA:96,51
DA:97,51
DA:98,14
DA:99,53
DA:106,4
DA:107,4
DA:109,4
DA:110,10
DA:111,4
DA:112,12
DA:119,4
DA:120,4
DA:122,4
DA:123,4
DA:124,4
DA:125,4
DA:126,10
DA:127,4
DA:128,12
DA:135,4
DA:136,4
DA:138,4
DA:139,12
DA:140,12
DA:147,36
DA:152,1
DA:153,3
DA:154,3
DA:156,3
DA:158,0
DA:165,351
DA:166,351
DA:167,351
DA:168,351
DA:169,351
DA:170,351
DA:171,351
DA:173,140
DA:174,140
DA:176,140
DA:177,118
DA:178,36
DA:181,140
DA:182,121
DA:189,0
DA:191,140
DA:197,4
DA:202,4
DA:207,1
DA:212,323
DA:214,309
DA:215,309
DA:216,309
DA:218,149
DA:220,309
DA:226,41
DA:228,41
DA:229,41
DA:230,41
DA:232,19
DA:234,41
DA:240,385
DA:241,385
DA:246,210
DA:247,210
DA:252,210
DA:253,210
DA:254,210
DA:255,210
DA:256,204
DA:257,4
DA:260,210
DA:262,25
DA:263,1
DA:264,25
DA:266,185
DA:268,17
DA:269,1
DA:270,17
DA:274,168
DA:275,2
DA:276,168
DA:277,4
DA:278,168
DA:280,210
DA:285,1
DA:287,4
DA:296,2
DA:301,3
DA:302,2
DA:303,1
DA:309,3
DA:314,3
DA:319,9
DA:321,9
DA:322,8
DA:323,1
DA:330,1
DA:331,1
DA:332,1
DA:333,1
LF:146
LH:143
BRDA:19,0,0,142
BRDA:19,0,1,187
BRDA:20,1,0,1
BRDA:20,1,1,186
BRDA:21,2,0,5
BRDA:21,2,1,181
BRDA:26,3,0,34
BRDA:26,3,1,147
BRDA:27,4,0,181
BRDA:27,4,1,158
BRDA:27,4,2,158
BRDA:27,4,3,147
BRDA:38,5,0,2
BRDA:38,5,1,32
BRDA:38,6,0,34
BRDA:38,6,1,2
BRDA:38,6,2,2
BRDA:41,7,0,1
BRDA:41,7,1,0
BRDA:41,8,0,1
BRDA:41,8,1,1
BRDA:44,9,0,1
BRDA:44,9,1,0
BRDA:44,10,0,1
BRDA:44,10,1,1
BRDA:56,11,0,0
BRDA:56,11,1,0
BRDA:56,12,0,0
BRDA:56,12,1,0
BRDA:91,13,0,10
BRDA:91,13,1,4
BRDA:91,14,0,14
BRDA:91,14,1,10
BRDA:96,15,0,12
BRDA:96,15,1,39
BRDA:97,16,0,51
BRDA:97,16,1,51
BRDA:97,16,2,51
BRDA:106,17,0,2
BRDA:106,17,1,2
BRDA:106,18,0,4
BRDA:106,18,1,2
BRDA:110,19,0,10
BRDA:110,19,1,0
BRDA:110,20,0,10
BRDA:110,20,1,10
BRDA:119,21,0,2
BRDA:119,21,1,2
BRDA:119,22,0,4
BRDA:119,22,1,2
BRDA:125,23,0,0
BRDA:125,23,1,0
BRDA:126,24,0,10
BRDA:126,24,1,0
BRDA:126,25,0,10
BRDA:126,25,1,10
BRDA:127,26,0,2
BRDA:127,26,1,2
BRDA:127,26,2,0
BRDA:135,27,0,2
BRDA:135,27,1,2
BRDA:135,28,0,4
BRDA:135,28,1,2
BRDA:139,29,0,12
BRDA:139,29,1,12
BRDA:139,30,0,4
BRDA:139,30,1,8
BRDA:154,31,0,3
BRDA:154,31,1,0
BRDA:156,32,0,1
BRDA:156,32,1,2
BRDA:158,33,0,0
BRDA:158,33,1,0
BRDA:163,34,0,351
BRDA:171,35,0,140
BRDA:171,35,1,211
BRDA:212,36,0,309
BRDA:212,36,1,14
BRDA:226,37,0,41
BRDA:226,37,1,0
BRDA:240,38,0,0
BRDA:240,38,1,385
BRDA:240,39,0,385
BRDA:240,39,1,0
BRDA:240,40,0,0
BRDA:240,40,1,0
BRDA:240,41,0,385
BRDA:240,41,1,0
BRDA:246,42,0,0
BRDA:246,42,1,210
BRDA:252,43,0,7
BRDA:252,43,1,203
BRDA:253,44,0,10
BRDA:253,44,1,200
BRDA:260,45,0,25
BRDA:260,45,1,185
BRDA:262,46,0,24
BRDA:262,46,1,1
BRDA:266,47,0,17
BRDA:266,47,1,168
BRDA:268,48,0,16
BRDA:268,48,1,1
BRDA:274,49,0,166
BRDA:274,49,1,2
BRDA:276,50,0,164
BRDA:276,50,1,4
BRDA:287,51,0,4
BRDA:287,51,1,0
BRDA:302,52,0,2
BRDA:302,52,1,0
BRDA:303,53,0,1
BRDA:303,53,1,0
BRF:112
BRH:88
end_of_record
