TN:
SF:/Users/kavitapatkar/ArchanPatkar/Projects/Vachan/src/vachan.js
FN:12,(anonymous_0)
FN:13,(anonymous_1)
FN:14,(anonymous_2)
FN:16,(anonymous_3)
FN:21,(anonymous_4)
FN:38,(anonymous_5)
FN:41,(anonymous_6)
FN:64,(anonymous_7)
FN:64,(anonymous_8)
FN:77,(anonymous_9)
FN:79,(anonymous_10)
FN:82,(anonymous_11)
FN:84,(anonymous_12)
FN:87,(anonymous_13)
FN:91,(anonymous_14)
FN:94,(anonymous_15)
FN:95,(anonymous_16)
FN:96,(anonymous_17)
FN:102,(anonymous_18)
FN:106,(anonymous_19)
FN:108,(anonymous_20)
FN:109,(anonymous_21)
FN:115,(anonymous_22)
FN:119,(anonymous_23)
FN:123,(anonymous_24)
FN:124,(anonymous_25)
FN:125,(anonymous_26)
FN:131,(anonymous_27)
FN:135,(anonymous_28)
FN:137,(anonymous_29)
FN:143,(anonymous_30)
FN:145,(anonymous_31)
FN:145,(anonymous_32)
FN:148,(anonymous_33)
FN:150,(anonymous_34)
FN:151,(anonymous_35)
FN:154,(anonymous_36)
FN:156,(anonymous_37)
FN:161,(anonymous_38)
FN:172,(anonymous_39)
FN:173,(anonymous_40)
FN:180,(anonymous_41)
FN:185,(anonymous_42)
FN:190,(anonymous_43)
FN:195,(anonymous_44)
FN:203,(anonymous_45)
FN:209,(anonymous_46)
FN:217,(anonymous_47)
FN:223,(anonymous_48)
FN:229,(anonymous_49)
FN:235,(anonymous_50)
FN:241,(anonymous_51)
FN:242,(anonymous_52)
FN:247,(anonymous_53)
FN:248,(anonymous_54)
FN:253,(anonymous_55)
FN:254,(anonymous_56)
FN:268,(anonymous_57)
FN:273,(anonymous_58)
FN:278,(anonymous_59)
FN:281,(anonymous_60)
FN:283,(anonymous_61)
FN:283,(anonymous_62)
FN:284,(anonymous_63)
FN:284,(anonymous_64)
FNF:65
FNH:53
FNDA:0,(anonymous_0)
FNDA:90,(anonymous_1)
FNDA:0,(anonymous_2)
FNDA:89,(anonymous_3)
FNDA:0,(anonymous_4)
FNDA:0,(anonymous_5)
FNDA:0,(anonymous_6)
FNDA:164,(anonymous_7)
FNDA:90,(anonymous_8)
FNDA:11,(anonymous_9)
FNDA:11,(anonymous_10)
FNDA:12,(anonymous_11)
FNDA:12,(anonymous_12)
FNDA:6,(anonymous_13)
FNDA:6,(anonymous_14)
FNDA:17,(anonymous_15)
FNDA:17,(anonymous_16)
FNDA:1,(anonymous_17)
FNDA:2,(anonymous_18)
FNDA:2,(anonymous_19)
FNDA:5,(anonymous_20)
FNDA:1,(anonymous_21)
FNDA:2,(anonymous_22)
FNDA:2,(anonymous_23)
FNDA:0,(anonymous_24)
FNDA:5,(anonymous_25)
FNDA:1,(anonymous_26)
FNDA:2,(anonymous_27)
FNDA:2,(anonymous_28)
FNDA:6,(anonymous_29)
FNDA:18,(anonymous_30)
FNDA:18,(anonymous_31)
FNDA:18,(anonymous_32)
FNDA:1,(anonymous_33)
FNDA:2,(anonymous_34)
FNDA:2,(anonymous_35)
FNDA:2,(anonymous_36)
FNDA:0,(anonymous_37)
FNDA:158,(anonymous_38)
FNDA:55,(anonymous_39)
FNDA:19,(anonymous_40)
FNDA:4,(anonymous_41)
FNDA:4,(anonymous_42)
FNDA:1,(anonymous_43)
FNDA:144,(anonymous_44)
FNDA:68,(anonymous_45)
FNDA:20,(anonymous_46)
FNDA:7,(anonymous_47)
FNDA:0,(anonymous_48)
FNDA:90,(anonymous_49)
FNDA:90,(anonymous_50)
FNDA:89,(anonymous_51)
FNDA:1,(anonymous_52)
FNDA:7,(anonymous_53)
FNDA:0,(anonymous_54)
FNDA:8,(anonymous_55)
FNDA:0,(anonymous_56)
FNDA:3,(anonymous_57)
FNDA:3,(anonymous_58)
FNDA:3,(anonymous_59)
FNDA:3,(anonymous_60)
FNDA:3,(anonymous_61)
FNDA:3,(anonymous_62)
FNDA:0,(anonymous_63)
FNDA:0,(anonymous_64)
DA:1,1
DA:2,1
DA:3,1
DA:4,1
DA:5,1
DA:6,1
DA:7,1
DA:8,1
DA:9,1
DA:11,1
DA:12,1
DA:13,90
DA:14,1
DA:16,1
DA:17,89
DA:18,24
DA:19,24
DA:21,0
DA:22,0
DA:24,24
DA:31,3
DA:32,3
DA:33,3
DA:35,3
DA:36,3
DA:38,0
DA:39,0
DA:40,0
DA:42,0
DA:43,0
DA:45,0
DA:49,3
DA:54,0
DA:55,0
DA:60,21
DA:64,164
DA:65,90
DA:67,90
DA:71,1
DA:79,11
DA:84,12
DA:89,6
DA:90,6
DA:92,6
DA:93,6
DA:94,17
DA:95,17
DA:96,6
DA:97,18
DA:104,2
DA:105,2
DA:107,2
DA:108,5
DA:109,2
DA:110,6
DA:117,2
DA:118,2
DA:120,2
DA:121,2
DA:122,2
DA:123,2
DA:124,5
DA:125,2
DA:126,6
DA:133,2
DA:134,2
DA:136,2
DA:137,6
DA:138,6
DA:145,18
DA:150,1
DA:151,2
DA:152,2
DA:154,2
DA:156,0
DA:163,158
DA:164,158
DA:165,158
DA:166,158
DA:167,158
DA:168,158
DA:170,67
DA:171,67
DA:172,55
DA:173,19
DA:177,158
DA:182,4
DA:187,4
DA:192,1
DA:197,144
DA:199,137
DA:200,137
DA:201,137
DA:203,68
DA:205,137
DA:211,20
DA:213,20
DA:214,20
DA:215,20
DA:217,7
DA:219,20
DA:225,0
DA:226,0
DA:231,90
DA:232,90
DA:237,90
DA:238,90
DA:239,90
DA:240,90
DA:241,89
DA:242,1
DA:245,90
DA:247,7
DA:248,0
DA:249,7
DA:251,83
DA:253,8
DA:254,0
DA:255,8
DA:259,75
DA:260,0
DA:261,75
DA:262,1
DA:263,75
DA:265,90
DA:270,3
DA:275,3
DA:280,3
DA:282,3
DA:283,3
DA:284,0
DA:291,1
DA:292,1
DA:293,1
DA:294,1
LF:135
LH:118
BRDA:17,0,0,65
BRDA:17,0,1,24
BRDA:18,1,0,0
BRDA:18,1,1,24
BRDA:19,2,0,0
BRDA:19,2,1,24
BRDA:24,3,0,3
BRDA:24,3,1,21
BRDA:25,4,0,24
BRDA:25,4,1,24
BRDA:25,4,2,24
BRDA:25,4,3,21
BRDA:36,5,0,0
BRDA:36,5,1,3
BRDA:36,6,0,3
BRDA:36,6,1,0
BRDA:36,6,2,0
BRDA:39,7,0,0
BRDA:39,7,1,0
BRDA:39,8,0,0
BRDA:39,8,1,0
BRDA:42,9,0,0
BRDA:42,9,1,0
BRDA:42,10,0,0
BRDA:42,10,1,0
BRDA:54,11,0,0
BRDA:54,11,1,0
BRDA:54,12,0,0
BRDA:54,12,1,0
BRDA:89,13,0,4
BRDA:89,13,1,2
BRDA:89,14,0,6
BRDA:89,14,1,4
BRDA:94,15,0,5
BRDA:94,15,1,12
BRDA:95,16,0,17
BRDA:95,16,1,17
BRDA:95,16,2,17
BRDA:104,17,0,0
BRDA:104,17,1,2
BRDA:104,18,0,2
BRDA:104,18,1,0
BRDA:108,19,0,5
BRDA:108,19,1,0
BRDA:108,20,0,5
BRDA:108,20,1,5
BRDA:117,21,0,0
BRDA:117,21,1,2
BRDA:117,22,0,2
BRDA:117,22,1,0
BRDA:123,23,0,0
BRDA:123,23,1,0
BRDA:124,24,0,5
BRDA:124,24,1,0
BRDA:124,25,0,5
BRDA:124,25,1,5
BRDA:125,26,0,1
BRDA:125,26,1,1
BRDA:125,26,2,0
BRDA:133,27,0,0
BRDA:133,27,1,2
BRDA:133,28,0,2
BRDA:133,28,1,0
BRDA:137,29,0,6
BRDA:137,29,1,6
BRDA:137,30,0,2
BRDA:137,30,1,4
BRDA:152,31,0,2
BRDA:152,31,1,0
BRDA:154,32,0,1
BRDA:154,32,1,1
BRDA:156,33,0,0
BRDA:156,33,1,0
BRDA:161,34,0,158
BRDA:163,35,0,0
BRDA:163,35,1,158
BRDA:163,36,0,158
BRDA:163,36,1,0
BRDA:163,37,0,0
BRDA:163,37,1,0
BRDA:163,38,0,158
BRDA:163,38,1,0
BRDA:168,39,0,67
BRDA:168,39,1,91
BRDA:197,40,0,137
BRDA:197,40,1,7
BRDA:211,41,0,20
BRDA:211,41,1,0
BRDA:225,42,0,0
BRDA:225,42,1,0
BRDA:225,43,0,0
BRDA:225,43,1,0
BRDA:225,44,0,0
BRDA:225,44,1,0
BRDA:225,45,0,0
BRDA:225,45,1,0
BRDA:231,46,0,0
BRDA:231,46,1,90
BRDA:237,47,0,3
BRDA:237,47,1,87
BRDA:238,48,0,1
BRDA:238,48,1,89
BRDA:245,49,0,7
BRDA:245,49,1,83
BRDA:247,50,0,7
BRDA:247,50,1,0
BRDA:251,51,0,8
BRDA:251,51,1,75
BRDA:253,52,0,8
BRDA:253,52,1,0
BRDA:259,53,0,75
BRDA:259,53,1,0
BRDA:261,54,0,74
BRDA:261,54,1,1
BRF:114
BRH:65
end_of_record
